Info oscillate_shoulder 
Info Emotional oscillate_shoulder {"type":"movement_parameter","repetition" : "no","parameters": [[{"space":0.2000000029802322,"velocity":0.2235911190509796}
,{"space":0.1000000014901161,"velocity":0.2788723409175873}
,{"space":0.4000000059604645,"velocity":2.213712930679321}
]],"reference" :1}
Oscillate emotion 0.2
Executing oscillate
Oscillate velocity 0.223591
Oscillate velocity 0.223591
Setting oscillate emotional parameters
Oscillating shoulder 0 or 1 0.223591 0 -0.349066 0 0.2
Oscillating shoulder 0 or 1 0.223591 0.0174533 -0.349066 0 0.2
Oscillating shoulder 0 or 1 0.223591 0.0349066 -0.349066 0 0.2
Oscillating shoulder 0 or 1 0.223591 0.0523599 -0.349066 0 0.2
Oscillating shoulder 0 or 1 0.223591 0.0698132 -0.349066 0 0.2
Oscillating shoulder 0 or 1 0.223591 0.0872665 -0.349066 0 0.2
Oscillating shoulder 0 or 1 0.223591 0.10472 -0.349066 0 0.2
Oscillating shoulder 0 or 1 0.223591 0.122173 -0.349066 0 0.2
Oscillating shoulder 0 or 1 0.223591 0.139626 -0.349066 0 0.2
Oscillating shoulder 0 or 1 0.223591 0.15708 -0.349066 0 0.2
Oscillating shoulder 0 or 1 0.223591 0.174533 -0.349066 0 0.2
Oscillating shoulder 0 or 1 0.223591 0.174533 -0.349066 0 0.2
Oscillating shoulder 0 or 1 0.223591 0.139626 -0.349066 0 0.2
Oscillating shoulder 0 or 1 0.223591 0.10472 -0.349066 0 0.2
Oscillating shoulder 0 or 1 0.223591 0.0698132 -0.349066 0 0.2
Oscillating shoulder 0 or 1 0.223591 0.0349066 -0.349066 0 0.2
Oscillating shoulder 0 or 1 0.223591 0.0349066 -0.349066 0 0.2
Oscillating shoulder 0 or 1 0.223591 0 -0.349066 0 0.2
Oscillating shoulder 0 or 1 0.223591 -0.0174533 -0.349066 0 0.2
Oscillating shoulder 0 or 1 0.223591 -0.0349066 -0.349066 0 0.2
Oscillating shoulder 0 or 1 0.223591 -0.0349066 -0.349066 0 0.2
Oscillating shoulder 0 or 1 0.223591 -0.0523599 -0.349066 0 0.2
Oscillating shoulder 0 or 1 0.223591 -0.0698132 -0.349066 0 0.2
Oscillating shoulder 0 or 1 0.223591 -0.0872665 -0.349066 0 0.2
Oscillating shoulder 0 or 1 0.223591 -0.0872665 -0.349066 0 0.2
Oscillating shoulder 0 or 1 0.223591 -0.10472 -0.349066 0 0.2
Oscillating shoulder 0 or 1 0.223591 -0.122173 -0.349066 0 0.2
Oscillating shoulder 0 or 1 0.223591 -0.139626 -0.349066 0 0.2
Oscillating shoulder 0 or 1 0.223591 -0.139626 -0.349066 0 0.2
Oscillating shoulder 0 or 1 0.223591 -0.15708 -0.349066 0 0.2
Oscillating shoulder 0 or 1 0.223591 -0.174533 -0.349066 0 0.2
Info Emotional oscillate_shoulder emotion_synch
Synch oscillate 1
Oscillate emotion 0.1
Executing oscillate
Oscillate velocity 0.278872
Oscillating shoulder 0 or 1 0.278872 -0.139626 -0.349066 0 0.1
Oscillating shoulder 0 or 1 0.278872 -0.10472 -0.349066 0 0.1
Oscillating shoulder 0 or 1 0.278872 -0.0698132 -0.349066 0 0.1
Oscillating shoulder 0 or 1 0.278872 -0.0349066 -0.349066 0 0.1
Oscillating shoulder 0 or 1 0.278872 0 -0.349066 0 0.1
Oscillating shoulder 0 or 1 0.278872 0.0174533 -0.349066 0 0.1
Oscillating shoulder 0 or 1 0.278872 0.0174533 -0.349066 0 0.1
Oscillating shoulder 0 or 1 0.278872 0.0349066 -0.349066 0 0.1
Oscillating shoulder 0 or 1 0.278872 0.0523599 -0.349066 0 0.1
Oscillating shoulder 0 or 1 0.278872 0.0698132 -0.349066 0 0.1
Oscillating shoulder 0 or 1 0.278872 0.0349066 -0.349066 0 0.1
Oscillating shoulder 0 or 1 0.278872 0 -0.349066 0 0.1
Oscillating shoulder 0 or 1 0.278872 -0.0174533 -0.349066 0 0.1
Oscillating shoulder 0 or 1 0.278872 -0.0349066 -0.349066 0 0.1
Oscillating shoulder 0 or 1 0.278872 -0.0523599 -0.349066 0 0.1
Oscillating shoulder 0 or 1 0.278872 -0.0698132 -0.349066 0 0.1
Info Emotional oscillate_shoulder emotion_synch
Synch oscillate 2
Oscillate emotion 0.4
Executing oscillate
Oscillate velocity 2.21371
Oscillating shoulder 0 or 1 2.21371 -0.0349066 -0.349066 0 0.4
Oscillating shoulder 0 or 1 2.21371 0.174533 -0.349066 0 0.4
Oscillating shoulder 0 or 1 2.21371 0.383972 -0.349066 0 0.4
Oscillating shoulder 0 or 1 2.21371 0.383972 -0.349066 0 0.4
Oscillating shoulder 0 or 1 2.21371 0.15708 -0.349066 0 0.4
Oscillating shoulder 0 or 1 2.21371 -0.0523599 -0.349066 0 0.4
Oscillating shoulder 0 or 1 2.21371 -0.261799 -0.349066 0 0.4
Oscillating shoulder 0 or 1 2.21371 -0.331613 -0.349066 0 0.4
Oscillating shoulder 0 or 1 2.21371 -0.10472 -0.349066 0 0.4
Oscillating shoulder 0 or 1 2.21371 0.10472 -0.349066 0 0.4
Oscillating shoulder 0 or 1 2.21371 0.314159 -0.349066 0 0.4
Oscillating shoulder 0 or 1 2.21371 0.418879 -0.349066 0 0.4
Oscillating shoulder 0 or 1 2.21371 0.191986 -0.349066 0 0.4
Oscillating shoulder 0 or 1 2.21371 -0.0174533 -0.349066 0 0.4
Oscillating shoulder 0 or 1 2.21371 -0.226893 -0.349066 0 0.4
Oscillating shoulder 0 or 1 2.21371 -0.331613 -0.349066 0 0.4
Oscillating shoulder 0 or 1 2.21371 -0.10472 -0.349066 0 0.4
Oscillating shoulder 0 or 1 2.21371 0.10472 -0.349066 0 0.4
Oscillating shoulder 0 or 1 2.21371 0.314159 -0.349066 0 0.4
Oscillating shoulder 0 or 1 2.21371 0.418879 -0.349066 0 0.4
Oscillating shoulder 0 or 1 2.21371 0.191986 -0.349066 0 0.4
Info oscillate_shoulder stop
[0m[ INFO] [1427395146.617897693]: Stopping oscillating shoulder[0m
Info oscillate_shoulder 
Info Emotional oscillate_shoulder {"type":"movement_parameter","repetition" : "no","parameters": [[{"space":0.2000000029802322,"velocity":0.2235911190509796}
,{"space":0.1000000014901161,"velocity":0.2788723409175873}
,{"space":0.4000000059604645,"velocity":2.213712930679321}
]],"reference" :1}
Oscillate emotion 0.2
Executing oscillate
Oscillate velocity 0.223591
Oscillate velocity 0.223591
Setting oscillate emotional parameters
Oscillating shoulder 0 or 1 0.223591 0 -0.349066 0 0.2
Info Emotional oscillate_shoulder emotion_synch
Synch oscillate 1
Oscillate emotion 0.1
Executing oscillate
Oscillate velocity 0.278872
Oscillating shoulder 0 or 1 0.278872 0.0174533 -0.349066 0 0.1
Oscillating shoulder 0 or 1 0.278872 0.0349066 -0.349066 0 0.1
Oscillating shoulder 0 or 1 0.278872 0.0523599 -0.349066 0 0.1
Oscillating shoulder 0 or 1 0.278872 0.0698132 -0.349066 0 0.1
Oscillating shoulder 0 or 1 0.278872 0.0349066 -0.349066 0 0.1
Oscillating shoulder 0 or 1 0.278872 0 -0.349066 0 0.1
Oscillating shoulder 0 or 1 0.278872 -0.0174533 -0.349066 0 0.1
Oscillating shoulder 0 or 1 0.278872 -0.0349066 -0.349066 0 0.1
Oscillating shoulder 0 or 1 0.278872 -0.0349066 -0.349066 0 0.1
Oscillating shoulder 0 or 1 0.278872 -0.0523599 -0.349066 0 0.1
Oscillating shoulder 0 or 1 0.278872 -0.0698132 -0.349066 0 0.1
Oscillating shoulder 0 or 1 0.278872 -0.0349066 -0.349066 0 0.1
Oscillating shoulder 0 or 1 0.278872 0 -0.349066 0 0.1
Oscillating shoulder 0 or 1 0.278872 0.0174533 -0.349066 0 0.1
Oscillating shoulder 0 or 1 0.278872 0.0349066 -0.349066 0 0.1
Info Emotional oscillate_shoulder emotion_synch
Synch oscillate 2
Oscillate emotion 0.4
Executing oscillate
Oscillate velocity 2.21371
Oscillating shoulder 0 or 1 2.21371 0.0523599 -0.349066 0 0.4
Oscillating shoulder 0 or 1 2.21371 0.261799 -0.349066 0 0.4
Oscillating shoulder 0 or 1 2.21371 0.418879 -0.349066 0 0.4
Oscillating shoulder 0 or 1 2.21371 0.191986 -0.349066 0 0.4
Oscillating shoulder 0 or 1 2.21371 -0.0174533 -0.349066 0 0.4
Oscillating shoulder 0 or 1 2.21371 -0.226893 -0.349066 0 0.4
Oscillating shoulder 0 or 1 2.21371 -0.226893 -0.349066 0 0.4
Oscillating shoulder 0 or 1 2.21371 -0.331613 -0.349066 0 0.4
Oscillating shoulder 0 or 1 2.21371 -0.10472 -0.349066 0 0.4
Oscillating shoulder 0 or 1 2.21371 0.10472 -0.349066 0 0.4
Oscillating shoulder 0 or 1 2.21371 0.314159 -0.349066 0 0.4
Oscillating shoulder 0 or 1 2.21371 0.418879 -0.349066 0 0.4
Oscillating shoulder 0 or 1 2.21371 0.191986 -0.349066 0 0.4
Oscillating shoulder 0 or 1 2.21371 -0.0174533 -0.349066 0 0.4
Oscillating shoulder 0 or 1 2.21371 -0.226893 -0.349066 0 0.4
Oscillating shoulder 0 or 1 2.21371 -0.226893 -0.349066 0 0.4
Oscillating shoulder 0 or 1 2.21371 -0.331613 -0.349066 0 0.4
Oscillating shoulder 0 or 1 2.21371 -0.10472 -0.349066 0 0.4
Oscillating shoulder 0 or 1 2.21371 0.10472 -0.349066 0 0.4
Oscillating shoulder 0 or 1 2.21371 0.314159 -0.349066 0 0.4
Oscillating shoulder 0 or 1 2.21371 0.418879 -0.349066 0 0.4
Oscillating shoulder 0 or 1 2.21371 0.191986 -0.349066 0 0.4
Oscillating shoulder 0 or 1 2.21371 -0.0174533 -0.349066 0 0.4
Oscillating shoulder 0 or 1 2.21371 -0.226893 -0.349066 0 0.4
Oscillating shoulder 0 or 1 2.21371 -0.226893 -0.349066 0 0.4
Info Emotional oscillate_shoulder emotion_synch
Synch oscillate 2
Oscillate emotion 0.4
Executing oscillate
Oscillate velocity 2.21371
Oscillating shoulder 0 or 1 2.21371 -0.331613 -0.349066 0 0.4
Oscillating shoulder 0 or 1 2.21371 -0.10472 -0.349066 0 0.4
Oscillating shoulder 0 or 1 2.21371 0.10472 -0.349066 0 0.4
Oscillating shoulder 0 or 1 2.21371 0.314159 -0.349066 0 0.4
Oscillating shoulder 0 or 1 2.21371 0.418879 -0.349066 0 0.4
Oscillating shoulder 0 or 1 2.21371 0.191986 -0.349066 0 0.4
Oscillating shoulder 0 or 1 2.21371 -0.0174533 -0.349066 0 0.4
Oscillating shoulder 0 or 1 2.21371 -0.226893 -0.349066 0 0.4
Oscillating shoulder 0 or 1 2.21371 -0.226893 -0.349066 0 0.4
Oscillating shoulder 0 or 1 2.21371 -0.331613 -0.349066 0 0.4
Oscillating shoulder 0 or 1 2.21371 -0.10472 -0.349066 0 0.4
Oscillating shoulder 0 or 1 2.21371 0.10472 -0.349066 0 0.4
Oscillating shoulder 0 or 1 2.21371 0.10472 -0.349066 0 0.4
Oscillating shoulder 0 or 1 2.21371 0.314159 -0.349066 0 0.4
Oscillating shoulder 0 or 1 2.21371 0.418879 -0.349066 0 0.4
Oscillating shoulder 0 or 1 2.21371 0.191986 -0.349066 0 0.4
Oscillating shoulder 0 or 1 2.21371 -0.0174533 -0.349066 0 0.4
Oscillating shoulder 0 or 1 2.21371 -0.226893 -0.349066 0 0.4
Oscillating shoulder 0 or 1 2.21371 -0.226893 -0.349066 0 0.4
Info oscillate_shoulder stop
[0m[ INFO] [1427395173.323899997]: Stopping oscillating shoulder[0m
Info oscillate_shoulder 
Info Emotional oscillate_shoulder {"type":"movement_parameter","repetition" : "no","parameters": [[{"space":0.2000000029802322,"velocity":0.2235911190509796}
,{"space":0.1000000014901161,"velocity":0.2788723409175873}
,{"space":0.4000000059604645,"velocity":2.213712930679321}
]],"reference" :1}
Oscillate emotion 0.2
Executing oscillate
Oscillate velocity 0.223591
Oscillate velocity 0.223591
Setting oscillate emotional parameters
Oscillating shoulder 0 or 1 0.223591 -0.331613 -0.349066 0 0.2
Oscillating shoulder 0 or 1 0.223591 -0.331613 -0.349066 0 0.2
Oscillating shoulder 0 or 1 0.223591 -0.296706 -0.349066 0 0.2
Oscillating shoulder 0 or 1 0.223591 -0.261799 -0.349066 0 0.2
Oscillating shoulder 0 or 1 0.223591 -0.226893 -0.349066 0 0.2
Oscillating shoulder 0 or 1 0.223591 -0.191986 -0.349066 0 0.2
Oscillating shoulder 0 or 1 0.223591 -0.15708 -0.349066 0 0.2
Oscillating shoulder 0 or 1 0.223591 -0.122173 -0.349066 0 0.2
Oscillating shoulder 0 or 1 0.223591 -0.0872665 -0.349066 0 0.2
Oscillating shoulder 0 or 1 0.223591 -0.0523599 -0.349066 0 0.2
Oscillating shoulder 0 or 1 0.223591 -0.0523599 -0.349066 0 0.2
Oscillating shoulder 0 or 1 0.223591 -0.0174533 -0.349066 0 0.2
Oscillating shoulder 0 or 1 0.223591 0 -0.349066 0 0.2
Oscillating shoulder 0 or 1 0.223591 0.0174533 -0.349066 0 0.2
Oscillating shoulder 0 or 1 0.223591 0.0174533 -0.349066 0 0.2
Oscillating shoulder 0 or 1 0.223591 0.0174533 -0.349066 0 0.2
Oscillating shoulder 0 or 1 0.223591 0.0349066 -0.349066 0 0.2
Oscillating shoulder 0 or 1 0.223591 0.0523599 -0.349066 0 0.2
Oscillating shoulder 0 or 1 0.223591 0.0698132 -0.349066 0 0.2
Oscillating shoulder 0 or 1 0.223591 0.0872665 -0.349066 0 0.2
Oscillating shoulder 0 or 1 0.223591 0.10472 -0.349066 0 0.2
Oscillating shoulder 0 or 1 0.223591 0.122173 -0.349066 0 0.2
Oscillating shoulder 0 or 1 0.223591 0.139626 -0.349066 0 0.2
Oscillating shoulder 0 or 1 0.223591 0.139626 -0.349066 0 0.2
Oscillating shoulder 0 or 1 0.223591 0.15708 -0.349066 0 0.2
Oscillating shoulder 0 or 1 0.223591 0.174533 -0.349066 0 0.2
Oscillating shoulder 0 or 1 0.223591 0.139626 -0.349066 0 0.2
Oscillating shoulder 0 or 1 0.223591 0.139626 -0.349066 0 0.2
Oscillating shoulder 0 or 1 0.223591 0.10472 -0.349066 0 0.2
Info Emotional oscillate_shoulder emotion_synch
Synch oscillate 1
Oscillate emotion 0.1
Executing oscillate
Oscillate velocity 0.278872
Oscillating shoulder 0 or 1 0.278872 0.0698132 -0.349066 0 0.1
Oscillating shoulder 0 or 1 0.278872 0.0349066 -0.349066 0 0.1
Oscillating shoulder 0 or 1 0.278872 0 -0.349066 0 0.1
Oscillating shoulder 0 or 1 0.278872 0 -0.349066 0 0.1
Oscillating shoulder 0 or 1 0.278872 -0.0174533 -0.349066 0 0.1
Oscillating shoulder 0 or 1 0.278872 -0.0349066 -0.349066 0 0.1
Oscillating shoulder 0 or 1 0.278872 -0.0523599 -0.349066 0 0.1
Oscillating shoulder 0 or 1 0.278872 -0.0523599 -0.349066 0 0.1
Oscillating shoulder 0 or 1 0.278872 -0.0698132 -0.349066 0 0.1
Oscillating shoulder 0 or 1 0.278872 -0.0349066 -0.349066 0 0.1
Oscillating shoulder 0 or 1 0.278872 0 -0.349066 0 0.1
Oscillating shoulder 0 or 1 0.278872 0.0174533 -0.349066 0 0.1
Oscillating shoulder 0 or 1 0.278872 0.0174533 -0.349066 0 0.1
Oscillating shoulder 0 or 1 0.278872 0.0349066 -0.349066 0 0.1
Oscillating shoulder 0 or 1 0.278872 0.0523599 -0.349066 0 0.1
Oscillating shoulder 0 or 1 0.278872 0.0698132 -0.349066 0 0.1
Oscillating shoulder 0 or 1 0.278872 0.0698132 -0.349066 0 0.1
Info Emotional oscillate_shoulder emotion_synch
Synch oscillate 2
Oscillate emotion 0.4
Executing oscillate
Oscillate velocity 2.21371
Oscillating shoulder 0 or 1 2.21371 0.0349066 -0.349066 0 0.4
Oscillating shoulder 0 or 1 2.21371 0.244346 -0.349066 0 0.4
Oscillating shoulder 0 or 1 2.21371 0.418879 -0.349066 0 0.4
Oscillating shoulder 0 or 1 2.21371 0.191986 -0.349066 0 0.4
Oscillating shoulder 0 or 1 2.21371 0.191986 -0.349066 0 0.4
Oscillating shoulder 0 or 1 2.21371 -0.0174533 -0.349066 0 0.4
Oscillating shoulder 0 or 1 2.21371 -0.226893 -0.349066 0 0.4
Oscillating shoulder 0 or 1 2.21371 -0.331613 -0.349066 0 0.4
Oscillating shoulder 0 or 1 2.21371 -0.10472 -0.349066 0 0.4
Oscillating shoulder 0 or 1 2.21371 0.10472 -0.349066 0 0.4
Oscillating shoulder 0 or 1 2.21371 0.314159 -0.349066 0 0.4
Oscillating shoulder 0 or 1 2.21371 0.418879 -0.349066 0 0.4
Oscillating shoulder 0 or 1 2.21371 0.418879 -0.349066 0 0.4
Oscillating shoulder 0 or 1 2.21371 0.191986 -0.349066 0 0.4
Oscillating shoulder 0 or 1 2.21371 -0.0174533 -0.349066 0 0.4
Oscillating shoulder 0 or 1 2.21371 -0.226893 -0.349066 0 0.4
Oscillating shoulder 0 or 1 2.21371 -0.226893 -0.349066 0 0.4
Oscillating shoulder 0 or 1 2.21371 -0.331613 -0.349066 0 0.4
Oscillating shoulder 0 or 1 2.21371 -0.10472 -0.349066 0 0.4
Oscillating shoulder 0 or 1 2.21371 0.10472 -0.349066 0 0.4
Oscillating shoulder 0 or 1 2.21371 0.314159 -0.349066 0 0.4
Oscillating shoulder 0 or 1 2.21371 0.418879 -0.349066 0 0.4
Oscillating shoulder 0 or 1 2.21371 0.191986 -0.349066 0 0.4
Oscillating shoulder 0 or 1 2.21371 -0.0174533 -0.349066 0 0.4
Oscillating shoulder 0 or 1 2.21371 -0.226893 -0.349066 0 0.4
Oscillating shoulder 0 or 1 2.21371 -0.226893 -0.349066 0 0.4
Oscillating shoulder 0 or 1 2.21371 -0.226893 -0.349066 0 0.4
Oscillating shoulder 0 or 1 2.21371 -0.331613 -0.349066 0 0.4
Oscillating shoulder 0 or 1 2.21371 -0.10472 -0.349066 0 0.4
Info Emotional oscillate_shoulder emotion_synch
Synch oscillate 2
Oscillate emotion 0.4
Executing oscillate
Oscillate velocity 2.21371
Oscillating shoulder 0 or 1 2.21371 -0.10472 -0.349066 0 0.4
Oscillating shoulder 0 or 1 2.21371 0.10472 -0.349066 0 0.4
Oscillating shoulder 0 or 1 2.21371 0.314159 -0.349066 0 0.4
Oscillating shoulder 0 or 1 2.21371 0.418879 -0.349066 0 0.4
Oscillating shoulder 0 or 1 2.21371 0.191986 -0.349066 0 0.4
Oscillating shoulder 0 or 1 2.21371 0.191986 -0.349066 0 0.4
Oscillating shoulder 0 or 1 2.21371 -0.0174533 -0.349066 0 0.4
Oscillating shoulder 0 or 1 2.21371 -0.226893 -0.349066 0 0.4
Oscillating shoulder 0 or 1 2.21371 -0.331613 -0.349066 0 0.4
Oscillating shoulder 0 or 1 2.21371 -0.331613 -0.349066 0 0.4
Oscillating shoulder 0 or 1 2.21371 -0.10472 -0.349066 0 0.4
Oscillating shoulder 0 or 1 2.21371 0.10472 -0.349066 0 0.4
Oscillating shoulder 0 or 1 2.21371 0.314159 -0.349066 0 0.4
Oscillating shoulder 0 or 1 2.21371 0.418879 -0.349066 0 0.4
Info oscillate_shoulder stop
[0m[ INFO] [1427395191.560739048]: Stopping oscillating shoulder[0m
Info oscillate_shoulder 
Info Emotional oscillate_shoulder {"type":"movement_parameter","repetition" : "no","parameters": [[{"space":0.2000000029802322,"velocity":0.2235911190509796}
,{"space":0.1000000014901161,"velocity":0.2788723409175873}
,{"space":0.4000000059604645,"velocity":2.213712930679321}
]],"reference" :1}
Oscillate emotion 0.2
Executing oscillate
Oscillate velocity 0.223591
Oscillate velocity 0.223591
Setting oscillate emotional parameters
Oscillating shoulder 0 or 1 0.223591 0.191986 -0.349066 0 0.2
Oscillating shoulder 0 or 1 0.223591 0.15708 -0.349066 0 0.2
Oscillating shoulder 0 or 1 0.223591 0.122173 -0.349066 0 0.2
Oscillating shoulder 0 or 1 0.223591 0.0872665 -0.349066 0 0.2
Oscillating shoulder 0 or 1 0.223591 0.0523599 -0.349066 0 0.2
Oscillating shoulder 0 or 1 0.223591 0.0523599 -0.349066 0 0.2
Oscillating shoulder 0 or 1 0.223591 0.0174533 -0.349066 0 0.2
Oscillating shoulder 0 or 1 0.223591 0 -0.349066 0 0.2
Oscillating shoulder 0 or 1 0.223591 -0.0174533 -0.349066 0 0.2
Oscillating shoulder 0 or 1 0.223591 -0.0174533 -0.349066 0 0.2
Oscillating shoulder 0 or 1 0.223591 -0.0349066 -0.349066 0 0.2
Oscillating shoulder 0 or 1 0.223591 -0.0523599 -0.349066 0 0.2
Oscillating shoulder 0 or 1 0.223591 -0.0698132 -0.349066 0 0.2
Oscillating shoulder 0 or 1 0.223591 -0.0698132 -0.349066 0 0.2
Oscillating shoulder 0 or 1 0.223591 -0.0872665 -0.349066 0 0.2
Oscillating shoulder 0 or 1 0.223591 -0.10472 -0.349066 0 0.2
Oscillating shoulder 0 or 1 0.223591 -0.122173 -0.349066 0 0.2
Oscillating shoulder 0 or 1 0.223591 -0.139626 -0.349066 0 0.2
Oscillating shoulder 0 or 1 0.223591 -0.139626 -0.349066 0 0.2
Oscillating shoulder 0 or 1 0.223591 -0.15708 -0.349066 0 0.2
Oscillating shoulder 0 or 1 0.223591 -0.174533 -0.349066 0 0.2
Oscillating shoulder 0 or 1 0.223591 -0.139626 -0.349066 0 0.2
Oscillating shoulder 0 or 1 0.223591 -0.139626 -0.349066 0 0.2
Oscillating shoulder 0 or 1 0.223591 -0.10472 -0.349066 0 0.2
Oscillating shoulder 0 or 1 0.223591 -0.0698132 -0.349066 0 0.2
Oscillating shoulder 0 or 1 0.223591 -0.0349066 -0.349066 0 0.2
Oscillating shoulder 0 or 1 0.223591 0 -0.349066 0 0.2
Oscillating shoulder 0 or 1 0.223591 0.0174533 -0.349066 0 0.2
Oscillating shoulder 0 or 1 0.223591 0.0349066 -0.349066 0 0.2
Oscillating shoulder 0 or 1 0.223591 0.0523599 -0.349066 0 0.2
Oscillating shoulder 0 or 1 0.223591 0.0698132 -0.349066 0 0.2
Info Emotional oscillate_shoulder emotion_synch
Synch oscillate 1
Oscillate emotion 0.1
Executing oscillate
Oscillate velocity 0.278872
Oscillating shoulder 0 or 1 0.278872 0.0698132 -0.349066 0 0.1
Oscillating shoulder 0 or 1 0.278872 0.0349066 -0.349066 0 0.1
Oscillating shoulder 0 or 1 0.278872 0 -0.349066 0 0.1
Oscillating shoulder 0 or 1 0.278872 -0.0174533 -0.349066 0 0.1
Oscillating shoulder 0 or 1 0.278872 -0.0349066 -0.349066 0 0.1
Oscillating shoulder 0 or 1 0.278872 -0.0523599 -0.349066 0 0.1
Oscillating shoulder 0 or 1 0.278872 -0.0698132 -0.349066 0 0.1
Oscillating shoulder 0 or 1 0.278872 -0.0349066 -0.349066 0 0.1
Oscillating shoulder 0 or 1 0.278872 0 -0.349066 0 0.1
Oscillating shoulder 0 or 1 0.278872 0 -0.349066 0 0.1
Oscillating shoulder 0 or 1 0.278872 0.0174533 -0.349066 0 0.1
Oscillating shoulder 0 or 1 0.278872 0.0349066 -0.349066 0 0.1
Oscillating shoulder 0 or 1 0.278872 0.0523599 -0.349066 0 0.1
Oscillating shoulder 0 or 1 0.278872 0.0698132 -0.349066 0 0.1
Oscillating shoulder 0 or 1 0.278872 0.0349066 -0.349066 0 0.1
Oscillating shoulder 0 or 1 0.278872 0 -0.349066 0 0.1
Info Emotional oscillate_shoulder emotion_synch
Synch oscillate 2
Oscillate emotion 0.4
Executing oscillate
Oscillate velocity 2.21371
Oscillating shoulder 0 or 1 2.21371 -0.0174533 -0.349066 0 0.4
Oscillating shoulder 0 or 1 2.21371 -0.0174533 -0.349066 0 0.4
Oscillating shoulder 0 or 1 2.21371 0.191986 -0.349066 0 0.4
Oscillating shoulder 0 or 1 2.21371 0.401426 -0.349066 0 0.4
Oscillating shoulder 0 or 1 2.21371 0.174533 -0.349066 0 0.4
Oscillating shoulder 0 or 1 2.21371 -0.0349066 -0.349066 0 0.4
Oscillating shoulder 0 or 1 2.21371 -0.244346 -0.349066 0 0.4
Oscillating shoulder 0 or 1 2.21371 -0.331613 -0.349066 0 0.4
Oscillating shoulder 0 or 1 2.21371 -0.10472 -0.349066 0 0.4
Oscillating shoulder 0 or 1 2.21371 0.10472 -0.349066 0 0.4
Oscillating shoulder 0 or 1 2.21371 0.314159 -0.349066 0 0.4
Oscillating shoulder 0 or 1 2.21371 0.418879 -0.349066 0 0.4
Oscillating shoulder 0 or 1 2.21371 0.191986 -0.349066 0 0.4
Oscillating shoulder 0 or 1 2.21371 -0.0174533 -0.349066 0 0.4
Oscillating shoulder 0 or 1 2.21371 -0.226893 -0.349066 0 0.4
Oscillating shoulder 0 or 1 2.21371 -0.331613 -0.349066 0 0.4
Oscillating shoulder 0 or 1 2.21371 -0.10472 -0.349066 0 0.4
Oscillating shoulder 0 or 1 2.21371 0.10472 -0.349066 0 0.4
Oscillating shoulder 0 or 1 2.21371 0.314159 -0.349066 0 0.4
Oscillating shoulder 0 or 1 2.21371 0.314159 -0.349066 0 0.4
Oscillating shoulder 0 or 1 2.21371 0.418879 -0.349066 0 0.4
Oscillating shoulder 0 or 1 2.21371 0.191986 -0.349066 0 0.4
Oscillating shoulder 0 or 1 2.21371 -0.0174533 -0.349066 0 0.4
Oscillating shoulder 0 or 1 2.21371 -0.226893 -0.349066 0 0.4
Oscillating shoulder 0 or 1 2.21371 -0.331613 -0.349066 0 0.4
Oscillating shoulder 0 or 1 2.21371 -0.10472 -0.349066 0 0.4
Oscillating shoulder 0 or 1 2.21371 0.10472 -0.349066 0 0.4
Info Emotional oscillate_shoulder emotion_synch
Synch oscillate 2
Oscillate emotion 0.4
Executing oscillate
Oscillate velocity 2.21371
Oscillating shoulder 0 or 1 2.21371 0.314159 -0.349066 0 0.4
Oscillating shoulder 0 or 1 2.21371 0.418879 -0.349066 0 0.4
Oscillating shoulder 0 or 1 2.21371 0.191986 -0.349066 0 0.4
Oscillating shoulder 0 or 1 2.21371 -0.0174533 -0.349066 0 0.4
Oscillating shoulder 0 or 1 2.21371 -0.226893 -0.349066 0 0.4
Oscillating shoulder 0 or 1 2.21371 -0.226893 -0.349066 0 0.4
Oscillating shoulder 0 or 1 2.21371 -0.331613 -0.349066 0 0.4
Oscillating shoulder 0 or 1 2.21371 -0.10472 -0.349066 0 0.4
Oscillating shoulder 0 or 1 2.21371 0.10472 -0.349066 0 0.4
Oscillating shoulder 0 or 1 2.21371 0.314159 -0.349066 0 0.4
Oscillating shoulder 0 or 1 2.21371 0.418879 -0.349066 0 0.4
Oscillating shoulder 0 or 1 2.21371 0.191986 -0.349066 0 0.4
Oscillating shoulder 0 or 1 2.21371 -0.0174533 -0.349066 0 0.4
Oscillating shoulder 0 or 1 2.21371 -0.226893 -0.349066 0 0.4
Oscillating shoulder 0 or 1 2.21371 -0.331613 -0.349066 0 0.4
Oscillating shoulder 0 or 1 2.21371 -0.10472 -0.349066 0 0.4
Oscillating shoulder 0 or 1 2.21371 0.10472 -0.349066 0 0.4
Info oscillate_shoulder stop
[0m[ INFO] [1427395214.327988184]: Stopping oscillating shoulder[0m
Info oscillate_shoulder 
Info Emotional oscillate_shoulder {"type":"movement_parameter","repetition" : "no","parameters": [[{"space":0.2000000029802322,"velocity":0.2235911190509796}
,{"space":0.1000000014901161,"velocity":0.2788723409175873}
,{"space":0.4000000059604645,"velocity":2.213712930679321}
]],"reference" :1}
Oscillate emotion 0.2
Executing oscillate
Oscillate velocity 0.223591
Oscillate velocity 0.223591
Setting oscillate emotional parameters
Oscillating shoulder 0 or 1 0.223591 0.314159 -0.349066 0 0.2
Oscillating shoulder 0 or 1 0.223591 0.279253 -0.349066 0 0.2
Oscillating shoulder 0 or 1 0.223591 0.244346 -0.349066 0 0.2
Oscillating shoulder 0 or 1 0.223591 0.20944 -0.349066 0 0.2
Oscillating shoulder 0 or 1 0.223591 0.174533 -0.349066 0 0.2
Oscillating shoulder 0 or 1 0.223591 0.139626 -0.349066 0 0.2
Oscillating shoulder 0 or 1 0.223591 0.10472 -0.349066 0 0.2
Oscillating shoulder 0 or 1 0.223591 0.0698132 -0.349066 0 0.2
Oscillating shoulder 0 or 1 0.223591 0.0349066 -0.349066 0 0.2
Oscillating shoulder 0 or 1 0.223591 0 -0.349066 0 0.2
Oscillating shoulder 0 or 1 0.223591 -0.0174533 -0.349066 0 0.2
Oscillating shoulder 0 or 1 0.223591 -0.0174533 -0.349066 0 0.2
Oscillating shoulder 0 or 1 0.223591 -0.0349066 -0.349066 0 0.2
Oscillating shoulder 0 or 1 0.223591 -0.0523599 -0.349066 0 0.2
Oscillating shoulder 0 or 1 0.223591 -0.0698132 -0.349066 0 0.2
Oscillating shoulder 0 or 1 0.223591 -0.0872665 -0.349066 0 0.2
Oscillating shoulder 0 or 1 0.223591 -0.10472 -0.349066 0 0.2
Oscillating shoulder 0 or 1 0.223591 -0.122173 -0.349066 0 0.2
Oscillating shoulder 0 or 1 0.223591 -0.139626 -0.349066 0 0.2
Oscillating shoulder 0 or 1 0.223591 -0.15708 -0.349066 0 0.2
Oscillating shoulder 0 or 1 0.223591 -0.15708 -0.349066 0 0.2
Oscillating shoulder 0 or 1 0.223591 -0.174533 -0.349066 0 0.2
Oscillating shoulder 0 or 1 0.223591 -0.139626 -0.349066 0 0.2
Oscillating shoulder 0 or 1 0.223591 -0.10472 -0.349066 0 0.2
Oscillating shoulder 0 or 1 0.223591 -0.10472 -0.349066 0 0.2
Oscillating shoulder 0 or 1 0.223591 -0.0698132 -0.349066 0 0.2
Oscillating shoulder 0 or 1 0.223591 -0.0349066 -0.349066 0 0.2
Info Emotional oscillate_shoulder emotion_synch
Synch oscillate 1
Oscillate emotion 0.1
Executing oscillate
Oscillate velocity 0.278872
Oscillating shoulder 0 or 1 0.278872 0 -0.349066 0 0.1
Oscillating shoulder 0 or 1 0.278872 0.0174533 -0.349066 0 0.1
Oscillating shoulder 0 or 1 0.278872 0.0174533 -0.349066 0 0.1
Oscillating shoulder 0 or 1 0.278872 0.0349066 -0.349066 0 0.1
Oscillating shoulder 0 or 1 0.278872 0.0523599 -0.349066 0 0.1
Oscillating shoulder 0 or 1 0.278872 0.0698132 -0.349066 0 0.1
Oscillating shoulder 0 or 1 0.278872 0.0349066 -0.349066 0 0.1
Oscillating shoulder 0 or 1 0.278872 0 -0.349066 0 0.1
Oscillating shoulder 0 or 1 0.278872 -0.0174533 -0.349066 0 0.1
Oscillating shoulder 0 or 1 0.278872 -0.0349066 -0.349066 0 0.1
Oscillating shoulder 0 or 1 0.278872 -0.0349066 -0.349066 0 0.1
Oscillating shoulder 0 or 1 0.278872 -0.0349066 -0.349066 0 0.1
Oscillating shoulder 0 or 1 0.278872 -0.0523599 -0.349066 0 0.1
Oscillating shoulder 0 or 1 0.278872 -0.0698132 -0.349066 0 0.1
Oscillating shoulder 0 or 1 0.278872 -0.0349066 -0.349066 0 0.1
Oscillating shoulder 0 or 1 0.278872 0 -0.349066 0 0.1
Info Emotional oscillate_shoulder emotion_synch
Synch oscillate 2
Oscillate emotion 0.4
Executing oscillate
Oscillate velocity 2.21371
Oscillating shoulder 0 or 1 2.21371 0.0174533 -0.349066 0 0.4
Oscillating shoulder 0 or 1 2.21371 0.226893 -0.349066 0 0.4
Oscillating shoulder 0 or 1 2.21371 0.418879 -0.349066 0 0.4
Oscillating shoulder 0 or 1 2.21371 0.418879 -0.349066 0 0.4
Oscillating shoulder 0 or 1 2.21371 0.191986 -0.349066 0 0.4
Oscillating shoulder 0 or 1 2.21371 -0.0174533 -0.349066 0 0.4
Oscillating shoulder 0 or 1 2.21371 -0.226893 -0.349066 0 0.4
Oscillating shoulder 0 or 1 2.21371 -0.331613 -0.349066 0 0.4
Oscillating shoulder 0 or 1 2.21371 -0.331613 -0.349066 0 0.4
Oscillating shoulder 0 or 1 2.21371 -0.10472 -0.349066 0 0.4
Oscillating shoulder 0 or 1 2.21371 0.10472 -0.349066 0 0.4
Oscillating shoulder 0 or 1 2.21371 0.314159 -0.349066 0 0.4
Oscillating shoulder 0 or 1 2.21371 0.418879 -0.349066 0 0.4
Oscillating shoulder 0 or 1 2.21371 0.191986 -0.349066 0 0.4
Oscillating shoulder 0 or 1 2.21371 -0.0174533 -0.349066 0 0.4
Oscillating shoulder 0 or 1 2.21371 -0.226893 -0.349066 0 0.4
Oscillating shoulder 0 or 1 2.21371 -0.226893 -0.349066 0 0.4
Oscillating shoulder 0 or 1 2.21371 -0.331613 -0.349066 0 0.4
Oscillating shoulder 0 or 1 2.21371 -0.10472 -0.349066 0 0.4
Oscillating shoulder 0 or 1 2.21371 0.10472 -0.349066 0 0.4
Oscillating shoulder 0 or 1 2.21371 0.314159 -0.349066 0 0.4
Oscillating shoulder 0 or 1 2.21371 0.418879 -0.349066 0 0.4
Oscillating shoulder 0 or 1 2.21371 0.191986 -0.349066 0 0.4
Oscillating shoulder 0 or 1 2.21371 -0.0174533 -0.349066 0 0.4
Oscillating shoulder 0 or 1 2.21371 -0.226893 -0.349066 0 0.4
Oscillating shoulder 0 or 1 2.21371 -0.226893 -0.349066 0 0.4
Oscillating shoulder 0 or 1 2.21371 -0.331613 -0.349066 0 0.4
Oscillating shoulder 0 or 1 2.21371 -0.10472 -0.349066 0 0.4
Info Emotional oscillate_shoulder emotion_synch
Synch oscillate 2
Oscillate emotion 0.4
Executing oscillate
Oscillate velocity 2.21371
Oscillating shoulder 0 or 1 2.21371 0.10472 -0.349066 0 0.4
Oscillating shoulder 0 or 1 2.21371 0.10472 -0.349066 0 0.4
Oscillating shoulder 0 or 1 2.21371 0.314159 -0.349066 0 0.4
Oscillating shoulder 0 or 1 2.21371 0.418879 -0.349066 0 0.4
Oscillating shoulder 0 or 1 2.21371 0.191986 -0.349066 0 0.4
Oscillating shoulder 0 or 1 2.21371 -0.0174533 -0.349066 0 0.4
Oscillating shoulder 0 or 1 2.21371 -0.226893 -0.349066 0 0.4
Oscillating shoulder 0 or 1 2.21371 -0.331613 -0.349066 0 0.4
Oscillating shoulder 0 or 1 2.21371 -0.10472 -0.349066 0 0.4
Oscillating shoulder 0 or 1 2.21371 -0.10472 -0.349066 0 0.4
Oscillating shoulder 0 or 1 2.21371 0.10472 -0.349066 0 0.4
Oscillating shoulder 0 or 1 2.21371 0.314159 -0.349066 0 0.4
Oscillating shoulder 0 or 1 2.21371 0.418879 -0.349066 0 0.4
Oscillating shoulder 0 or 1 2.21371 0.191986 -0.349066 0 0.4
Oscillating shoulder 0 or 1 2.21371 -0.0174533 -0.349066 0 0.4
Oscillating shoulder 0 or 1 2.21371 -0.226893 -0.349066 0 0.4
Oscillating shoulder 0 or 1 2.21371 -0.331613 -0.349066 0 0.4
Oscillating shoulder 0 or 1 2.21371 -0.10472 -0.349066 0 0.4
Oscillating shoulder 0 or 1 2.21371 0.10472 -0.349066 0 0.4
Oscillating shoulder 0 or 1 2.21371 0.314159 -0.349066 0 0.4
Oscillating shoulder 0 or 1 2.21371 0.418879 -0.349066 0 0.4
Oscillating shoulder 0 or 1 2.21371 0.191986 -0.349066 0 0.4
Oscillating shoulder 0 or 1 2.21371 0.191986 -0.349066 0 0.4
Oscillating shoulder 0 or 1 2.21371 -0.0174533 -0.349066 0 0.4
Info oscillate_shoulder stop
[0m[ INFO] [1427395238.145562570]: Stopping oscillating shoulder[0m
