Info oscillate_torso 
Message Emotional oscillate_torso {"type":"movement_parameter","repetition" : "no","parameters": [[{"space":0.2000000029802322,"velocity":0.2235911190509796}
,{"space":0.1000000014901161,"velocity":0.2788723409175873}
,{"space":0.4000000059604645,"velocity":2.213712930679321}
],[{"space":0.2000000029802322,"velocity":0.04669143259525299}
],[{"space":0,"velocity":0}
]],"reference" :1}
Oscillate torso: 0.2
Oscillate emotional 0.223591
Oscillate emotional 0.223591
Oscillating torso 0 or 1 0.223591 0 -0.785398 0 0.2
Oscillating torso 0 or 1 0.223591 0.0174533 -0.785398 0 0.2
Oscillating torso 0 or 1 0.223591 0.0349066 -0.785398 0 0.2
Oscillating torso 0 or 1 0.223591 0.0523599 -0.785398 0 0.2
Oscillating torso 0 or 1 0.223591 0.0698132 -0.785398 0 0.2
Oscillating torso 0 or 1 0.223591 0.0872665 -0.785398 0 0.2
Oscillating torso 0 or 1 0.223591 0.10472 -0.785398 0 0.2
Oscillating torso 0 or 1 0.223591 0.122173 -0.785398 0 0.2
Oscillating torso 0 or 1 0.223591 0.139626 -0.785398 0 0.2
Oscillating torso 0 or 1 0.223591 0.15708 -0.785398 0 0.2
Oscillating torso 0 or 1 0.223591 0.174533 -0.785398 0 0.2
Oscillating torso 0 or 1 0.223591 0.139626 -0.785398 0 0.2
Oscillating torso 0 or 1 0.223591 0.139626 -0.785398 0 0.2
Oscillating torso 0 or 1 0.223591 0.10472 -0.785398 0 0.2
Oscillating torso 0 or 1 0.223591 0.0698132 -0.785398 0 0.2
Oscillating torso 0 or 1 0.223591 0.0349066 -0.785398 0 0.2
Oscillating torso 0 or 1 0.223591 0 -0.785398 0 0.2
Oscillating torso 0 or 1 0.223591 -0.0174533 -0.785398 0 0.2
Oscillating torso 0 or 1 0.223591 -0.0349066 -0.785398 0 0.2
Oscillating torso 0 or 1 0.223591 -0.0523599 -0.785398 0 0.2
Oscillating torso 0 or 1 0.223591 -0.0523599 -0.785398 0 0.2
Oscillating torso 0 or 1 0.223591 -0.0698132 -0.785398 0 0.2
Oscillating torso 0 or 1 0.223591 -0.0872665 -0.785398 0 0.2
Oscillating torso 0 or 1 0.223591 -0.10472 -0.785398 0 0.2
Oscillating torso 0 or 1 0.223591 -0.122173 -0.785398 0 0.2
Oscillating torso 0 or 1 0.223591 -0.139626 -0.785398 0 0.2
Oscillating torso 0 or 1 0.223591 -0.15708 -0.785398 0 0.2
Oscillating torso 0 or 1 0.223591 -0.174533 -0.785398 0 0.2
Oscillating torso 0 or 1 0.223591 -0.174533 -0.785398 0 0.2
Oscillating torso 0 or 1 0.223591 -0.139626 -0.785398 0 0.2
Oscillating torso 0 or 1 0.223591 -0.10472 -0.785398 0 0.2
Message Emotional oscillate_torso emotion_synch
Synch emotion oscillate 1
0.1
Oscillate emotional 0.278872
Oscillating torso 0 or 1 0.278872 -0.0698132 -0.785398 0 0.1
Oscillating torso 0 or 1 0.278872 -0.0349066 -0.785398 0 0.1
Oscillating torso 0 or 1 0.278872 -0.0349066 -0.785398 0 0.1
Oscillating torso 0 or 1 0.278872 0 -0.785398 0 0.1
Oscillating torso 0 or 1 0.278872 0.0174533 -0.785398 0 0.1
Oscillating torso 0 or 1 0.278872 0.0349066 -0.785398 0 0.1
Oscillating torso 0 or 1 0.278872 0.0349066 -0.785398 0 0.1
Oscillating torso 0 or 1 0.278872 0.0523599 -0.785398 0 0.1
Oscillating torso 0 or 1 0.278872 0.0698132 -0.785398 0 0.1
Oscillating torso 0 or 1 0.278872 0.0349066 -0.785398 0 0.1
Oscillating torso 0 or 1 0.278872 0.0349066 -0.785398 0 0.1
Oscillating torso 0 or 1 0.278872 0 -0.785398 0 0.1
Oscillating torso 0 or 1 0.278872 -0.0174533 -0.785398 0 0.1
Oscillating torso 0 or 1 0.278872 -0.0349066 -0.785398 0 0.1
Oscillating torso 0 or 1 0.278872 -0.0349066 -0.785398 0 0.1
Oscillating torso 0 or 1 0.278872 -0.0523599 -0.785398 0 0.1
Message Emotional oscillate_torso emotion_synch
Synch emotion oscillate 2
0.4
Oscillate emotional 2.21371
Oscillating torso 0 or 1 2.21371 -0.0698132 -0.785398 0 0.4
Oscillating torso 0 or 1 2.21371 -0.279253 -0.785398 0 0.4
Oscillating torso 0 or 1 2.21371 -0.488692 -0.785398 0 0.4
Oscillating torso 0 or 1 2.21371 -0.488692 -0.785398 0 0.4
Oscillating torso 0 or 1 2.21371 -0.261799 -0.785398 0 0.4
Oscillating torso 0 or 1 2.21371 -0.0349066 -0.785398 0 0.4
Oscillating torso 0 or 1 2.21371 0.174533 -0.785398 0 0.4
Oscillating torso 0 or 1 2.21371 0.174533 -0.785398 0 0.4
Oscillating torso 0 or 1 2.21371 0.383972 -0.785398 0 0.4
Oscillating torso 0 or 1 2.21371 0.15708 -0.785398 0 0.4
Oscillating torso 0 or 1 2.21371 -0.0523599 -0.785398 0 0.4
Oscillating torso 0 or 1 2.21371 -0.261799 -0.785398 0 0.4
Oscillating torso 0 or 1 2.21371 -0.471239 -0.785398 0 0.4
Oscillating torso 0 or 1 2.21371 -0.244346 -0.785398 0 0.4
Oscillating torso 0 or 1 2.21371 -0.0174533 -0.785398 0 0.4
Oscillating torso 0 or 1 2.21371 0.191986 -0.785398 0 0.4
Oscillating torso 0 or 1 2.21371 0.401426 -0.785398 0 0.4
Oscillating torso 0 or 1 2.21371 0.174533 -0.785398 0 0.4
Oscillating torso 0 or 1 2.21371 -0.0349066 -0.785398 0 0.4
Oscillating torso 0 or 1 2.21371 -0.244346 -0.785398 0 0.4
Oscillating torso 0 or 1 2.21371 -0.244346 -0.785398 0 0.4
Info oscillate_torso stop
[0m[ INFO] [1427395146.617897401]: Oscillate torso finish[0m
Info oscillate_torso 
Message Emotional oscillate_torso {"type":"movement_parameter","repetition" : "no","parameters": [[{"space":0.2000000029802322,"velocity":0.2235911190509796}
,{"space":0.1000000014901161,"velocity":0.2788723409175873}
,{"space":0.4000000059604645,"velocity":2.213712930679321}
],[{"space":0.2000000029802322,"velocity":0.04669143259525299}
],[{"space":0,"velocity":0}
]],"reference" :1}
Oscillate torso: 0.2
Oscillate emotional 0.223591
Oscillate emotional 0.223591
Oscillating torso 0 or 1 0.223591 0 -0.785398 0 0.2
Message Emotional oscillate_torso emotion_synch
Synch emotion oscillate 1
0.1
Oscillate emotional 0.278872
Oscillating torso 0 or 1 0.278872 -0.0174533 -0.785398 0 0.1
Oscillating torso 0 or 1 0.278872 -0.0349066 -0.785398 0 0.1
Oscillating torso 0 or 1 0.278872 -0.0523599 -0.785398 0 0.1
Oscillating torso 0 or 1 0.278872 -0.0698132 -0.785398 0 0.1
Oscillating torso 0 or 1 0.278872 -0.0349066 -0.785398 0 0.1
Oscillating torso 0 or 1 0.278872 0 -0.785398 0 0.1
Oscillating torso 0 or 1 0.278872 0.0174533 -0.785398 0 0.1
Oscillating torso 0 or 1 0.278872 0.0349066 -0.785398 0 0.1
Oscillating torso 0 or 1 0.278872 0.0523599 -0.785398 0 0.1
Oscillating torso 0 or 1 0.278872 0.0698132 -0.785398 0 0.1
Oscillating torso 0 or 1 0.278872 0.0349066 -0.785398 0 0.1
Oscillating torso 0 or 1 0.278872 0 -0.785398 0 0.1
Oscillating torso 0 or 1 0.278872 -0.0174533 -0.785398 0 0.1
Oscillating torso 0 or 1 0.278872 -0.0349066 -0.785398 0 0.1
Oscillating torso 0 or 1 0.278872 -0.0523599 -0.785398 0 0.1
Message Emotional oscillate_torso emotion_synch
Synch emotion oscillate 2
0.4
Oscillate emotional 2.21371
Oscillating torso 0 or 1 2.21371 -0.0698132 -0.785398 0 0.4
Oscillating torso 0 or 1 2.21371 -0.279253 -0.785398 0 0.4
Oscillating torso 0 or 1 2.21371 -0.279253 -0.785398 0 0.4
Oscillating torso 0 or 1 2.21371 -0.488692 -0.785398 0 0.4
Oscillating torso 0 or 1 2.21371 -0.261799 -0.785398 0 0.4
Oscillating torso 0 or 1 2.21371 -0.0349066 -0.785398 0 0.4
Oscillating torso 0 or 1 2.21371 -0.0349066 -0.785398 0 0.4
Oscillating torso 0 or 1 2.21371 0.174533 -0.785398 0 0.4
Oscillating torso 0 or 1 2.21371 0.383972 -0.785398 0 0.4
Oscillating torso 0 or 1 2.21371 0.15708 -0.785398 0 0.4
Oscillating torso 0 or 1 2.21371 -0.0523599 -0.785398 0 0.4
Oscillating torso 0 or 1 2.21371 -0.261799 -0.785398 0 0.4
Oscillating torso 0 or 1 2.21371 -0.471239 -0.785398 0 0.4
Oscillating torso 0 or 1 2.21371 -0.244346 -0.785398 0 0.4
Oscillating torso 0 or 1 2.21371 -0.0174533 -0.785398 0 0.4
Oscillating torso 0 or 1 2.21371 -0.0174533 -0.785398 0 0.4
Oscillating torso 0 or 1 2.21371 0.191986 -0.785398 0 0.4
Oscillating torso 0 or 1 2.21371 0.401426 -0.785398 0 0.4
Oscillating torso 0 or 1 2.21371 0.174533 -0.785398 0 0.4
Oscillating torso 0 or 1 2.21371 0.174533 -0.785398 0 0.4
Oscillating torso 0 or 1 2.21371 -0.0349066 -0.785398 0 0.4
Oscillating torso 0 or 1 2.21371 -0.244346 -0.785398 0 0.4
Oscillating torso 0 or 1 2.21371 -0.453786 -0.785398 0 0.4
Oscillating torso 0 or 1 2.21371 -0.226893 -0.785398 0 0.4
Oscillating torso 0 or 1 2.21371 0 -0.785398 0 0.4
Message Emotional oscillate_torso emotion_synch
Synch emotion oscillate 2
0.4
Oscillate emotional 2.21371
Oscillating torso 0 or 1 2.21371 0.20944 -0.785398 0 0.4
Oscillating torso 0 or 1 2.21371 0.418879 -0.785398 0 0.4
Oscillating torso 0 or 1 2.21371 0.191986 -0.785398 0 0.4
Oscillating torso 0 or 1 2.21371 0.191986 -0.785398 0 0.4
Oscillating torso 0 or 1 2.21371 -0.0174533 -0.785398 0 0.4
Oscillating torso 0 or 1 2.21371 -0.226893 -0.785398 0 0.4
Oscillating torso 0 or 1 2.21371 -0.436332 -0.785398 0 0.4
Oscillating torso 0 or 1 2.21371 -0.20944 -0.785398 0 0.4
Oscillating torso 0 or 1 2.21371 0 -0.785398 0 0.4
Oscillating torso 0 or 1 2.21371 0.20944 -0.785398 0 0.4
Oscillating torso 0 or 1 2.21371 0.418879 -0.785398 0 0.4
Oscillating torso 0 or 1 2.21371 0.191986 -0.785398 0 0.4
Oscillating torso 0 or 1 2.21371 0.191986 -0.785398 0 0.4
Oscillating torso 0 or 1 2.21371 -0.0174533 -0.785398 0 0.4
Oscillating torso 0 or 1 2.21371 -0.226893 -0.785398 0 0.4
Oscillating torso 0 or 1 2.21371 -0.436332 -0.785398 0 0.4
Oscillating torso 0 or 1 2.21371 -0.436332 -0.785398 0 0.4
Oscillating torso 0 or 1 2.21371 -0.20944 -0.785398 0 0.4
Oscillating torso 0 or 1 2.21371 -0.20944 -0.785398 0 0.4
Oscillating torso 0 or 1 2.21371 0 -0.785398 0 0.4
Oscillating torso 0 or 1 2.21371 0.20944 -0.785398 0 0.4
Oscillating torso 0 or 1 2.21371 0.20944 -0.785398 0 0.4
Oscillating torso 0 or 1 2.21371 0.418879 -0.785398 0 0.4
Oscillating torso 0 or 1 2.21371 0.191986 -0.785398 0 0.4
Info oscillate_torso stop
[0m[ INFO] [1427395173.251772539]: Oscillate torso finish[0m
Info oscillate_torso 
Message Emotional oscillate_torso {"type":"movement_parameter","repetition" : "no","parameters": [[{"space":0.2000000029802322,"velocity":0.2235911190509796}
,{"space":0.1000000014901161,"velocity":0.2788723409175873}
,{"space":0.4000000059604645,"velocity":2.213712930679321}
],[{"space":0.2000000029802322,"velocity":0.04669143259525299}
],[{"space":0,"velocity":0}
]],"reference" :1}
Oscillate torso: 0.2
Oscillate emotional 0.223591
Oscillate emotional 0.223591
Oscillating torso 0 or 1 0.223591 -0.0174533 -0.785398 0 0.2
Oscillating torso 0 or 1 0.223591 -0.0349066 -0.785398 0 0.2
Oscillating torso 0 or 1 0.223591 -0.0349066 -0.785398 0 0.2
Oscillating torso 0 or 1 0.223591 -0.0523599 -0.785398 0 0.2
Oscillating torso 0 or 1 0.223591 -0.0698132 -0.785398 0 0.2
Oscillating torso 0 or 1 0.223591 -0.0872665 -0.785398 0 0.2
Oscillating torso 0 or 1 0.223591 -0.10472 -0.785398 0 0.2
Oscillating torso 0 or 1 0.223591 -0.122173 -0.785398 0 0.2
Oscillating torso 0 or 1 0.223591 -0.139626 -0.785398 0 0.2
Oscillating torso 0 or 1 0.223591 -0.15708 -0.785398 0 0.2
Oscillating torso 0 or 1 0.223591 -0.15708 -0.785398 0 0.2
Oscillating torso 0 or 1 0.223591 -0.174533 -0.785398 0 0.2
Oscillating torso 0 or 1 0.223591 -0.139626 -0.785398 0 0.2
Oscillating torso 0 or 1 0.223591 -0.10472 -0.785398 0 0.2
Oscillating torso 0 or 1 0.223591 -0.0698132 -0.785398 0 0.2
Oscillating torso 0 or 1 0.223591 -0.0349066 -0.785398 0 0.2
Oscillating torso 0 or 1 0.223591 0 -0.785398 0 0.2
Oscillating torso 0 or 1 0.223591 0.0174533 -0.785398 0 0.2
Oscillating torso 0 or 1 0.223591 0.0349066 -0.785398 0 0.2
Oscillating torso 0 or 1 0.223591 0.0523599 -0.785398 0 0.2
Oscillating torso 0 or 1 0.223591 0.0698132 -0.785398 0 0.2
Oscillating torso 0 or 1 0.223591 0.0872665 -0.785398 0 0.2
Oscillating torso 0 or 1 0.223591 0.10472 -0.785398 0 0.2
Oscillating torso 0 or 1 0.223591 0.10472 -0.785398 0 0.2
Oscillating torso 0 or 1 0.223591 0.10472 -0.785398 0 0.2
Oscillating torso 0 or 1 0.223591 0.122173 -0.785398 0 0.2
Oscillating torso 0 or 1 0.223591 0.139626 -0.785398 0 0.2
Oscillating torso 0 or 1 0.223591 0.139626 -0.785398 0 0.2
Oscillating torso 0 or 1 0.223591 0.139626 -0.785398 0 0.2
Message Emotional oscillate_torso emotion_synch
Synch emotion oscillate 1
0.1
Oscillate emotional 0.278872
Oscillating torso 0 or 1 0.278872 0.15708 -0.785398 0 0.1
Oscillating torso 0 or 1 0.278872 0.122173 -0.785398 0 0.1
Oscillating torso 0 or 1 0.278872 0.0872665 -0.785398 0 0.1
Oscillating torso 0 or 1 0.278872 0.0872665 -0.785398 0 0.1
Oscillating torso 0 or 1 0.278872 0.0523599 -0.785398 0 0.1
Oscillating torso 0 or 1 0.278872 0.0174533 -0.785398 0 0.1
Oscillating torso 0 or 1 0.278872 0 -0.785398 0 0.1
Oscillating torso 0 or 1 0.278872 0 -0.785398 0 0.1
Oscillating torso 0 or 1 0.278872 -0.0174533 -0.785398 0 0.1
Oscillating torso 0 or 1 0.278872 -0.0349066 -0.785398 0 0.1
Oscillating torso 0 or 1 0.278872 -0.0523599 -0.785398 0 0.1
Oscillating torso 0 or 1 0.278872 -0.0698132 -0.785398 0 0.1
Oscillating torso 0 or 1 0.278872 -0.0349066 -0.785398 0 0.1
Oscillating torso 0 or 1 0.278872 0 -0.785398 0 0.1
Oscillating torso 0 or 1 0.278872 0.0174533 -0.785398 0 0.1
Oscillating torso 0 or 1 0.278872 0.0349066 -0.785398 0 0.1
Oscillating torso 0 or 1 0.278872 0.0349066 -0.785398 0 0.1
Message Emotional oscillate_torso emotion_synch
Synch emotion oscillate 2
0.4
Oscillate emotional 2.21371
Oscillating torso 0 or 1 2.21371 0.0523599 -0.785398 0 0.4
Oscillating torso 0 or 1 2.21371 0.261799 -0.785398 0 0.4
Oscillating torso 0 or 1 2.21371 0.471239 -0.785398 0 0.4
Oscillating torso 0 or 1 2.21371 0.471239 -0.785398 0 0.4
Oscillating torso 0 or 1 2.21371 0.244346 -0.785398 0 0.4
Oscillating torso 0 or 1 2.21371 0.0174533 -0.785398 0 0.4
Oscillating torso 0 or 1 2.21371 -0.191986 -0.785398 0 0.4
Oscillating torso 0 or 1 2.21371 -0.401426 -0.785398 0 0.4
Oscillating torso 0 or 1 2.21371 -0.401426 -0.785398 0 0.4
Oscillating torso 0 or 1 2.21371 -0.174533 -0.785398 0 0.4
Oscillating torso 0 or 1 2.21371 0.0349066 -0.785398 0 0.4
Oscillating torso 0 or 1 2.21371 0.244346 -0.785398 0 0.4
Oscillating torso 0 or 1 2.21371 0.244346 -0.785398 0 0.4
Oscillating torso 0 or 1 2.21371 0.453786 -0.785398 0 0.4
Oscillating torso 0 or 1 2.21371 0.226893 -0.785398 0 0.4
Oscillating torso 0 or 1 2.21371 0 -0.785398 0 0.4
Oscillating torso 0 or 1 2.21371 0 -0.785398 0 0.4
Oscillating torso 0 or 1 2.21371 0 -0.785398 0 0.4
Oscillating torso 0 or 1 2.21371 -0.20944 -0.785398 0 0.4
Oscillating torso 0 or 1 2.21371 -0.418879 -0.785398 0 0.4
Oscillating torso 0 or 1 2.21371 -0.191986 -0.785398 0 0.4
Oscillating torso 0 or 1 2.21371 -0.191986 -0.785398 0 0.4
Oscillating torso 0 or 1 2.21371 0.0174533 -0.785398 0 0.4
Oscillating torso 0 or 1 2.21371 0.226893 -0.785398 0 0.4
Oscillating torso 0 or 1 2.21371 0.436332 -0.785398 0 0.4
Oscillating torso 0 or 1 2.21371 0.436332 -0.785398 0 0.4
Oscillating torso 0 or 1 2.21371 0.20944 -0.785398 0 0.4
Oscillating torso 0 or 1 2.21371 0 -0.785398 0 0.4
Oscillating torso 0 or 1 2.21371 -0.20944 -0.785398 0 0.4
Message Emotional oscillate_torso emotion_synch
Synch emotion oscillate 2
0.4
Oscillate emotional 2.21371
Oscillating torso 0 or 1 2.21371 -0.418879 -0.785398 0 0.4
Oscillating torso 0 or 1 2.21371 -0.191986 -0.785398 0 0.4
Oscillating torso 0 or 1 2.21371 0.0174533 -0.785398 0 0.4
Oscillating torso 0 or 1 2.21371 0.226893 -0.785398 0 0.4
Oscillating torso 0 or 1 2.21371 0.436332 -0.785398 0 0.4
Oscillating torso 0 or 1 2.21371 0.20944 -0.785398 0 0.4
Oscillating torso 0 or 1 2.21371 0 -0.785398 0 0.4
Oscillating torso 0 or 1 2.21371 -0.20944 -0.785398 0 0.4
Oscillating torso 0 or 1 2.21371 -0.418879 -0.785398 0 0.4
Oscillating torso 0 or 1 2.21371 -0.418879 -0.785398 0 0.4
Oscillating torso 0 or 1 2.21371 -0.191986 -0.785398 0 0.4
Oscillating torso 0 or 1 2.21371 0.0174533 -0.785398 0 0.4
Oscillating torso 0 or 1 2.21371 0.226893 -0.785398 0 0.4
Oscillating torso 0 or 1 2.21371 0.436332 -0.785398 0 0.4
Info oscillate_torso stop
[0m[ INFO] [1427395191.560697131]: Oscillate torso finish[0m
Info oscillate_torso 
Message Emotional oscillate_torso {"type":"movement_parameter","repetition" : "no","parameters": [[{"space":0.2000000029802322,"velocity":0.2235911190509796}
,{"space":0.1000000014901161,"velocity":0.2788723409175873}
,{"space":0.4000000059604645,"velocity":2.213712930679321}
],[{"space":0.2000000029802322,"velocity":0.04669143259525299}
],[{"space":0,"velocity":0}
]],"reference" :1}
Oscillate torso: 0.2
Oscillate emotional 0.223591
Oscillate emotional 0.223591
Oscillating torso 0 or 1 0.223591 0.436332 -0.785398 0 0.2
Oscillating torso 0 or 1 0.223591 0.401426 -0.785398 0 0.2
Oscillating torso 0 or 1 0.223591 0.366519 -0.785398 0 0.2
Oscillating torso 0 or 1 0.223591 0.331613 -0.785398 0 0.2
Oscillating torso 0 or 1 0.223591 0.296706 -0.785398 0 0.2
Oscillating torso 0 or 1 0.223591 0.296706 -0.785398 0 0.2
Oscillating torso 0 or 1 0.223591 0.261799 -0.785398 0 0.2
Oscillating torso 0 or 1 0.223591 0.226893 -0.785398 0 0.2
Oscillating torso 0 or 1 0.223591 0.191986 -0.785398 0 0.2
Oscillating torso 0 or 1 0.223591 0.15708 -0.785398 0 0.2
Oscillating torso 0 or 1 0.223591 0.122173 -0.785398 0 0.2
Oscillating torso 0 or 1 0.223591 0.0872665 -0.785398 0 0.2
Oscillating torso 0 or 1 0.223591 0.0523599 -0.785398 0 0.2
Oscillating torso 0 or 1 0.223591 0.0174533 -0.785398 0 0.2
Oscillating torso 0 or 1 0.223591 0 -0.785398 0 0.2
Oscillating torso 0 or 1 0.223591 -0.0174533 -0.785398 0 0.2
Oscillating torso 0 or 1 0.223591 -0.0349066 -0.785398 0 0.2
Oscillating torso 0 or 1 0.223591 -0.0523599 -0.785398 0 0.2
Oscillating torso 0 or 1 0.223591 -0.0523599 -0.785398 0 0.2
Oscillating torso 0 or 1 0.223591 -0.0698132 -0.785398 0 0.2
Oscillating torso 0 or 1 0.223591 -0.0872665 -0.785398 0 0.2
Oscillating torso 0 or 1 0.223591 -0.10472 -0.785398 0 0.2
Oscillating torso 0 or 1 0.223591 -0.122173 -0.785398 0 0.2
Oscillating torso 0 or 1 0.223591 -0.139626 -0.785398 0 0.2
Oscillating torso 0 or 1 0.223591 -0.15708 -0.785398 0 0.2
Oscillating torso 0 or 1 0.223591 -0.174533 -0.785398 0 0.2
Oscillating torso 0 or 1 0.223591 -0.139626 -0.785398 0 0.2
Oscillating torso 0 or 1 0.223591 -0.10472 -0.785398 0 0.2
Oscillating torso 0 or 1 0.223591 -0.0698132 -0.785398 0 0.2
Oscillating torso 0 or 1 0.223591 -0.0349066 -0.785398 0 0.2
Oscillating torso 0 or 1 0.223591 0 -0.785398 0 0.2
Message Emotional oscillate_torso emotion_synch
Synch emotion oscillate 1
0.1
Oscillate emotional 0.278872
Oscillating torso 0 or 1 0.278872 0.0174533 -0.785398 0 0.1
Oscillating torso 0 or 1 0.278872 0.0349066 -0.785398 0 0.1
Oscillating torso 0 or 1 0.278872 0.0523599 -0.785398 0 0.1
Oscillating torso 0 or 1 0.278872 0.0698132 -0.785398 0 0.1
Oscillating torso 0 or 1 0.278872 0.0349066 -0.785398 0 0.1
Oscillating torso 0 or 1 0.278872 0 -0.785398 0 0.1
Oscillating torso 0 or 1 0.278872 -0.0174533 -0.785398 0 0.1
Oscillating torso 0 or 1 0.278872 -0.0349066 -0.785398 0 0.1
Oscillating torso 0 or 1 0.278872 -0.0523599 -0.785398 0 0.1
Oscillating torso 0 or 1 0.278872 -0.0698132 -0.785398 0 0.1
Oscillating torso 0 or 1 0.278872 -0.0349066 -0.785398 0 0.1
Oscillating torso 0 or 1 0.278872 0 -0.785398 0 0.1
Oscillating torso 0 or 1 0.278872 0.0174533 -0.785398 0 0.1
Oscillating torso 0 or 1 0.278872 0.0174533 -0.785398 0 0.1
Oscillating torso 0 or 1 0.278872 0.0349066 -0.785398 0 0.1
Oscillating torso 0 or 1 0.278872 0.0523599 -0.785398 0 0.1
Message Emotional oscillate_torso emotion_synch
Synch emotion oscillate 2
0.4
Oscillate emotional 2.21371
Oscillating torso 0 or 1 2.21371 0.0698132 -0.785398 0 0.4
Oscillating torso 0 or 1 2.21371 0.279253 -0.785398 0 0.4
Oscillating torso 0 or 1 2.21371 0.488692 -0.785398 0 0.4
Oscillating torso 0 or 1 2.21371 0.261799 -0.785398 0 0.4
Oscillating torso 0 or 1 2.21371 0.0349066 -0.785398 0 0.4
Oscillating torso 0 or 1 2.21371 -0.174533 -0.785398 0 0.4
Oscillating torso 0 or 1 2.21371 -0.383972 -0.785398 0 0.4
Oscillating torso 0 or 1 2.21371 -0.15708 -0.785398 0 0.4
Oscillating torso 0 or 1 2.21371 0.0523599 -0.785398 0 0.4
Oscillating torso 0 or 1 2.21371 0.261799 -0.785398 0 0.4
Oscillating torso 0 or 1 2.21371 0.261799 -0.785398 0 0.4
Oscillating torso 0 or 1 2.21371 0.471239 -0.785398 0 0.4
Oscillating torso 0 or 1 2.21371 0.244346 -0.785398 0 0.4
Oscillating torso 0 or 1 2.21371 0.0174533 -0.785398 0 0.4
Oscillating torso 0 or 1 2.21371 -0.191986 -0.785398 0 0.4
Oscillating torso 0 or 1 2.21371 -0.401426 -0.785398 0 0.4
Oscillating torso 0 or 1 2.21371 -0.174533 -0.785398 0 0.4
Oscillating torso 0 or 1 2.21371 0.0349066 -0.785398 0 0.4
Oscillating torso 0 or 1 2.21371 0.244346 -0.785398 0 0.4
Oscillating torso 0 or 1 2.21371 0.244346 -0.785398 0 0.4
Oscillating torso 0 or 1 2.21371 0.453786 -0.785398 0 0.4
Oscillating torso 0 or 1 2.21371 0.226893 -0.785398 0 0.4
Oscillating torso 0 or 1 2.21371 0 -0.785398 0 0.4
Oscillating torso 0 or 1 2.21371 0 -0.785398 0 0.4
Oscillating torso 0 or 1 2.21371 -0.20944 -0.785398 0 0.4
Oscillating torso 0 or 1 2.21371 -0.418879 -0.785398 0 0.4
Oscillating torso 0 or 1 2.21371 -0.191986 -0.785398 0 0.4
Message Emotional oscillate_torso emotion_synch
Synch emotion oscillate 2
0.4
Oscillate emotional 2.21371
Oscillating torso 0 or 1 2.21371 0.0174533 -0.785398 0 0.4
Oscillating torso 0 or 1 2.21371 0.226893 -0.785398 0 0.4
Oscillating torso 0 or 1 2.21371 0.436332 -0.785398 0 0.4
Oscillating torso 0 or 1 2.21371 0.20944 -0.785398 0 0.4
Oscillating torso 0 or 1 2.21371 0 -0.785398 0 0.4
Oscillating torso 0 or 1 2.21371 0 -0.785398 0 0.4
Oscillating torso 0 or 1 2.21371 -0.20944 -0.785398 0 0.4
Oscillating torso 0 or 1 2.21371 -0.418879 -0.785398 0 0.4
Oscillating torso 0 or 1 2.21371 -0.191986 -0.785398 0 0.4
Oscillating torso 0 or 1 2.21371 -0.191986 -0.785398 0 0.4
Oscillating torso 0 or 1 2.21371 0.0174533 -0.785398 0 0.4
Oscillating torso 0 or 1 2.21371 0.226893 -0.785398 0 0.4
Oscillating torso 0 or 1 2.21371 0.436332 -0.785398 0 0.4
Oscillating torso 0 or 1 2.21371 0.20944 -0.785398 0 0.4
Oscillating torso 0 or 1 2.21371 0 -0.785398 0 0.4
Oscillating torso 0 or 1 2.21371 -0.20944 -0.785398 0 0.4
Oscillating torso 0 or 1 2.21371 -0.418879 -0.785398 0 0.4
Info oscillate_torso stop
[0m[ INFO] [1427395214.328435892]: Oscillate torso finish[0m
Info oscillate_torso 
Message Emotional oscillate_torso {"type":"movement_parameter","repetition" : "no","parameters": [[{"space":0.2000000029802322,"velocity":0.2235911190509796}
,{"space":0.1000000014901161,"velocity":0.2788723409175873}
,{"space":0.4000000059604645,"velocity":2.213712930679321}
],[{"space":0.2000000029802322,"velocity":0.04669143259525299}
],[{"space":0,"velocity":0}
]],"reference" :1}
Oscillate torso: 0.2
Oscillate emotional 0.223591
Oscillate emotional 0.223591
Oscillating torso 0 or 1 0.223591 -0.191986 -0.785398 0 0.2
Oscillating torso 0 or 1 0.223591 -0.15708 -0.785398 0 0.2
Oscillating torso 0 or 1 0.223591 -0.15708 -0.785398 0 0.2
Oscillating torso 0 or 1 0.223591 -0.15708 -0.785398 0 0.2
Oscillating torso 0 or 1 0.223591 -0.122173 -0.785398 0 0.2
Oscillating torso 0 or 1 0.223591 -0.0872665 -0.785398 0 0.2
Oscillating torso 0 or 1 0.223591 -0.0523599 -0.785398 0 0.2
Oscillating torso 0 or 1 0.223591 -0.0523599 -0.785398 0 0.2
Oscillating torso 0 or 1 0.223591 -0.0174533 -0.785398 0 0.2
Oscillating torso 0 or 1 0.223591 0 -0.785398 0 0.2
Oscillating torso 0 or 1 0.223591 0.0174533 -0.785398 0 0.2
Oscillating torso 0 or 1 0.223591 0.0174533 -0.785398 0 0.2
Oscillating torso 0 or 1 0.223591 0.0349066 -0.785398 0 0.2
Oscillating torso 0 or 1 0.223591 0.0523599 -0.785398 0 0.2
Oscillating torso 0 or 1 0.223591 0.0698132 -0.785398 0 0.2
Oscillating torso 0 or 1 0.223591 0.0698132 -0.785398 0 0.2
Oscillating torso 0 or 1 0.223591 0.0872665 -0.785398 0 0.2
Oscillating torso 0 or 1 0.223591 0.10472 -0.785398 0 0.2
Oscillating torso 0 or 1 0.223591 0.122173 -0.785398 0 0.2
Oscillating torso 0 or 1 0.223591 0.139626 -0.785398 0 0.2
Oscillating torso 0 or 1 0.223591 0.15708 -0.785398 0 0.2
Oscillating torso 0 or 1 0.223591 0.174533 -0.785398 0 0.2
Oscillating torso 0 or 1 0.223591 0.139626 -0.785398 0 0.2
Oscillating torso 0 or 1 0.223591 0.10472 -0.785398 0 0.2
Oscillating torso 0 or 1 0.223591 0.10472 -0.785398 0 0.2
Oscillating torso 0 or 1 0.223591 0.0698132 -0.785398 0 0.2
Oscillating torso 0 or 1 0.223591 0.0349066 -0.785398 0 0.2
Message Emotional oscillate_torso emotion_synch
Synch emotion oscillate 1
0.1
Oscillate emotional 0.278872
Oscillating torso 0 or 1 0.278872 0 -0.785398 0 0.1
Oscillating torso 0 or 1 0.278872 0 -0.785398 0 0.1
Oscillating torso 0 or 1 0.278872 -0.0174533 -0.785398 0 0.1
Oscillating torso 0 or 1 0.278872 -0.0349066 -0.785398 0 0.1
Oscillating torso 0 or 1 0.278872 -0.0523599 -0.785398 0 0.1
Oscillating torso 0 or 1 0.278872 -0.0698132 -0.785398 0 0.1
Oscillating torso 0 or 1 0.278872 -0.0349066 -0.785398 0 0.1
Oscillating torso 0 or 1 0.278872 0 -0.785398 0 0.1
Oscillating torso 0 or 1 0.278872 0.0174533 -0.785398 0 0.1
Oscillating torso 0 or 1 0.278872 0.0349066 -0.785398 0 0.1
Oscillating torso 0 or 1 0.278872 0.0523599 -0.785398 0 0.1
Oscillating torso 0 or 1 0.278872 0.0698132 -0.785398 0 0.1
Oscillating torso 0 or 1 0.278872 0.0349066 -0.785398 0 0.1
Oscillating torso 0 or 1 0.278872 0 -0.785398 0 0.1
Oscillating torso 0 or 1 0.278872 -0.0174533 -0.785398 0 0.1
Oscillating torso 0 or 1 0.278872 -0.0174533 -0.785398 0 0.1
Message Emotional oscillate_torso emotion_synch
Synch emotion oscillate 2
0.4
Oscillate emotional 2.21371
Oscillating torso 0 or 1 2.21371 -0.0349066 -0.785398 0 0.4
Oscillating torso 0 or 1 2.21371 -0.244346 -0.785398 0 0.4
Oscillating torso 0 or 1 2.21371 -0.453786 -0.785398 0 0.4
Oscillating torso 0 or 1 2.21371 -0.226893 -0.785398 0 0.4
Oscillating torso 0 or 1 2.21371 0 -0.785398 0 0.4
Oscillating torso 0 or 1 2.21371 0.20944 -0.785398 0 0.4
Oscillating torso 0 or 1 2.21371 0.418879 -0.785398 0 0.4
Oscillating torso 0 or 1 2.21371 0.418879 -0.785398 0 0.4
Oscillating torso 0 or 1 2.21371 0.191986 -0.785398 0 0.4
Oscillating torso 0 or 1 2.21371 -0.0174533 -0.785398 0 0.4
Oscillating torso 0 or 1 2.21371 -0.226893 -0.785398 0 0.4
Oscillating torso 0 or 1 2.21371 -0.436332 -0.785398 0 0.4
Oscillating torso 0 or 1 2.21371 -0.436332 -0.785398 0 0.4
Oscillating torso 0 or 1 2.21371 -0.20944 -0.785398 0 0.4
Oscillating torso 0 or 1 2.21371 0 -0.785398 0 0.4
Oscillating torso 0 or 1 2.21371 0.20944 -0.785398 0 0.4
Oscillating torso 0 or 1 2.21371 0.20944 -0.785398 0 0.4
Oscillating torso 0 or 1 2.21371 0.418879 -0.785398 0 0.4
Oscillating torso 0 or 1 2.21371 0.191986 -0.785398 0 0.4
Oscillating torso 0 or 1 2.21371 -0.0174533 -0.785398 0 0.4
Oscillating torso 0 or 1 2.21371 -0.0174533 -0.785398 0 0.4
Oscillating torso 0 or 1 2.21371 -0.0174533 -0.785398 0 0.4
Oscillating torso 0 or 1 2.21371 -0.226893 -0.785398 0 0.4
Oscillating torso 0 or 1 2.21371 -0.436332 -0.785398 0 0.4
Oscillating torso 0 or 1 2.21371 -0.436332 -0.785398 0 0.4
Oscillating torso 0 or 1 2.21371 -0.20944 -0.785398 0 0.4
Oscillating torso 0 or 1 2.21371 0 -0.785398 0 0.4
Oscillating torso 0 or 1 2.21371 0.20944 -0.785398 0 0.4
Message Emotional oscillate_torso emotion_synch
Synch emotion oscillate 2
0.4
Oscillate emotional 2.21371
Oscillating torso 0 or 1 2.21371 0.418879 -0.785398 0 0.4
Oscillating torso 0 or 1 2.21371 0.418879 -0.785398 0 0.4
Oscillating torso 0 or 1 2.21371 0.191986 -0.785398 0 0.4
Oscillating torso 0 or 1 2.21371 -0.0174533 -0.785398 0 0.4
Oscillating torso 0 or 1 2.21371 -0.226893 -0.785398 0 0.4
Oscillating torso 0 or 1 2.21371 -0.436332 -0.785398 0 0.4
Oscillating torso 0 or 1 2.21371 -0.20944 -0.785398 0 0.4
Oscillating torso 0 or 1 2.21371 0 -0.785398 0 0.4
Oscillating torso 0 or 1 2.21371 0.20944 -0.785398 0 0.4
Oscillating torso 0 or 1 2.21371 0.20944 -0.785398 0 0.4
Oscillating torso 0 or 1 2.21371 0.418879 -0.785398 0 0.4
Oscillating torso 0 or 1 2.21371 0.191986 -0.785398 0 0.4
Oscillating torso 0 or 1 2.21371 -0.0174533 -0.785398 0 0.4
Oscillating torso 0 or 1 2.21371 -0.226893 -0.785398 0 0.4
Oscillating torso 0 or 1 2.21371 -0.436332 -0.785398 0 0.4
Oscillating torso 0 or 1 2.21371 -0.20944 -0.785398 0 0.4
Oscillating torso 0 or 1 2.21371 0 -0.785398 0 0.4
Oscillating torso 0 or 1 2.21371 0.20944 -0.785398 0 0.4
Oscillating torso 0 or 1 2.21371 0.418879 -0.785398 0 0.4
Oscillating torso 0 or 1 2.21371 0.191986 -0.785398 0 0.4
Oscillating torso 0 or 1 2.21371 -0.0174533 -0.785398 0 0.4
Oscillating torso 0 or 1 2.21371 -0.226893 -0.785398 0 0.4
Oscillating torso 0 or 1 2.21371 -0.226893 -0.785398 0 0.4
Oscillating torso 0 or 1 2.21371 -0.436332 -0.785398 0 0.4
Info oscillate_torso stop
[0m[ INFO] [1427395238.145862570]: Oscillate torso finish[0m
