[0m[ INFO] [1430248993.342994123]: body action node is ready[0m
Message Emotionalmove_body {}
sending message x: 500 y: 173.333 theta: 0
sending message x: 500 y: 243.02 theta: 0
sending message x: 500 y: 166.825 theta: 0
sending message x: 500 y: 159.778 theta: 0
sending message x: 500 y: 129.654 theta: 0
sending message x: 500 y: 38.9138 theta: 0
sending message x: 500 y: 19.1967 theta: 0
sending message x: 500 y: -7.88415 theta: 0
sending message x: 500 y: -41.0644 theta: 0
sending message x: 500 y: -62.8848 theta: 0
sending message x: 500 y: -75.5023 theta: 0
sending message x: 500 y: -95.777 theta: -0.651719
sending message x: 500 y: 52.8931 theta: 0
sending message x: 500 y: 129.419 theta: 0
sending message x: 500 y: 82.5522 theta: 0
sending message x: 500 y: 73.8834 theta: 0
sending message x: 500 y: 52.297 theta: 0
sending message x: 500 y: 28.2301 theta: 0
sending message x: 500 y: 2.76168 theta: 0
sending message x: 500 y: -3.76184 theta: 0
sending message x: 500 y: -16.6818 theta: 0
sending message x: 500 y: -27.0377 theta: 0
sending message x: 500 y: -25.2368 theta: 0
sending message x: 500 y: -33.4362 theta: 0
sending message x: 500 y: -57.9611 theta: 0
sending message x: 500 y: -68.7767 theta: 0
sending message x: 500 y: -85.7954 theta: -0.637396
sending message x: 500 y: 76.9626 theta: 0
sending message x: 500 y: 85.5909 theta: 0
sending message x: 500 y: 57.3389 theta: 0
sending message x: 500 y: 54.9585 theta: 0
sending message x: 500 y: 32.6591 theta: 0
sending message x: 500 y: 16.001 theta: 0
sending message x: 500 y: -0.746406 theta: 0
sending message x: 500 y: -15.6132 theta: 0
sending message x: 500 y: -35.0509 theta: 0
sending message x: 500 y: -44.0972 theta: 0
sending message x: 500 y: -56.0206 theta: 0
sending message x: 500 y: -63.6383 theta: -0.551455
sending message x: 500 y: 12.4183 theta: 0
sending message x: 500 y: 23.2133 theta: 0
sending message x: 500 y: 23.0331 theta: 0
sending message x: 500 y: 10.7115 theta: 0
sending message x: 500 y: -7.03247 theta: 0
sending message x: 500 y: -21.2319 theta: 0
sending message x: 500 y: -30.6973 theta: 0
sending message x: 500 y: -42.4587 theta: 0
sending message x: 500 y: -47.821 theta: -0.587263
sending message x: 500 y: 14.197 theta: 0
sending message x: 500 y: 133.414 theta: 0.830763
sending message x: 500 y: 12.4215 theta: 0
sending message x: 500 y: -32.7091 theta: 0
sending message x: 500 y: -35.2825 theta: -0.544293
sending message x: 500 y: 8.84455 theta: 0
sending message x: 500 y: 22.5146 theta: 0
sending message x: 500 y: 11.2751 theta: 0
sending message x: 500 y: 8.88009 theta: 0
sending message x: 500 y: -0.98612 theta: 0
sending message x: 500 y: -10.2867 theta: 0
sending message x: 500 y: -18.3673 theta: 0
sending message x: 500 y: -23.9004 theta: 0
sending message x: 500 y: -30.1059 theta: -0.630234
sending message x: 500 y: 12.3104 theta: 0
sending message x: 500 y: 82.8494 theta: 0.916704
sending message x: 500 y: 10.1019 theta: 0
sending message x: 500 y: -10.3426 theta: 0
sending message x: 500 y: -18.0624 theta: -0.558616
sending message x: 500 y: 5.34718 theta: 0
sending message x: 500 y: 10.5601 theta: 0
sending message x: 500 y: 9.00256 theta: 0
sending message x: 500 y: 8.64457 theta: 0
sending message x: 500 y: 4.5965 theta: 0
sending message x: 500 y: -0.996569 theta: 0
sending message x: 500 y: -1.91158 theta: 0
sending message x: 498.594 y: -3.54202 theta: 0
sending message x: 429.183 y: -3.92847 theta: 0
sending message x: 365.129 y: -7.46895 theta: -0.565778
sending message x: 284.605 y: -3.23722 theta: 0
sending message x: 238.776 y: -4.09764 theta: 0
sending message x: 198.05 y: -5.6247 theta: 0
sending message x: 153.473 y: -3.7829 theta: 0
sending message x: 126.052 y: -4.08371 theta: 0
sending message x: 102.286 y: -4.34014 theta: 0
sending message x: 77.3491 y: -5.09941 theta: 0
sending message x: 62.3848 y: -5.33648 theta: 0
sending message x: 45.9068 y: -4.6479 theta: 0
sending message x: 0 y: 0 theta: 0
[0m[ INFO] [1430249020.694056011]: action move body has finished[0m
Message Emotionalmove_body {}
sending message x: -500 y: 344.749 theta: -1.8
sending message x: -500 y: 268.843 theta: -1.8
sending message x: -500 y: 171.611 theta: -1.8
sending message x: -500 y: 46.6817 theta: -1.8
sending message x: -500 y: -31.5612 theta: -1.8
sending message x: -465.149 y: -91.5339 theta: -1.8
sending message x: -376.1 y: -150.659 theta: -1.56841
sending message x: -311.163 y: -174.933 theta: 0.816456
sending message x: -282.699 y: -149.729 theta: 0
sending message x: -237.89 y: -131.778 theta: 0.551471
sending message x: -214.803 y: -112.006 theta: 0
sending message x: -191.905 y: -84.1901 theta: -0.687511
sending message x: -176.336 y: -78.2478 theta: 0
sending message x: -158.821 y: -71.3767 theta: 0
sending message x: -142.235 y: -62.0549 theta: 0
sending message x: -131.512 y: -56.6631 theta: 0
sending message x: -125.607 y: -50.2572 theta: 0
sending message x: -120.48 y: -42.8026 theta: 0
sending message x: -116.592 y: -39.0401 theta: 0
sending message x: -113.172 y: -36.114 theta: 0
sending message x: -108.899 y: -32.1722 theta: 0
sending message x: -106.019 y: -29.3216 theta: 0
sending message x: -101.094 y: -24.9199 theta: -0.587247
sending message x: -97.7806 y: -24.2933 theta: 0
sending message x: -90.7449 y: -22.7273 theta: 0
sending message x: -87.1464 y: -19.5387 theta: 0
sending message x: -84.0583 y: -18.3674 theta: 0
sending message x: -81.5198 y: -17.2638 theta: 0
sending message x: -77.413 y: -16.0892 theta: 0
sending message x: -75.4927 y: -15.217 theta: 0
sending message x: -74.6631 y: -14.5036 theta: 0
sending message x: -73.9336 y: -13.265 theta: 0
sending message x: -73.489 y: -12.6592 theta: 0
sending message x: -72.6446 y: -12.2881 theta: 0
sending message x: -71.5238 y: -10.9477 theta: 0
sending message x: -70.8586 y: -9.87344 theta: 0
Message Emotionalmove_body {"type":"movement_parameter","repetition" : "no","parameters": [[{"space":300.0000305175781,"velocity":171.4285888671875}
,{"space":300,"velocity":352.941162109375}
]],"reference" :500}
sending message x: -70.1273 y: -8.30586 theta: 0
sending message x: -69.4645 y: -6.89694 theta: 0
sending message x: -68.8651 y: -6.24746 theta: 0
sending message x: -68.5744 y: -5.28659 theta: 0
sending message x: -67.9772 y: -4.03876 theta: 0
sending message x: -67.4481 y: -3.28298 theta: 0
sending message x: -67.2975 y: -3.23603 theta: 0
sending message x: -67.2225 y: -3.08068 theta: 0
sending message x: -67.2225 y: -3.08068 theta: 0
sending message x: -67.2225 y: -3.0807 theta: 0
sending message x: -66.9933 y: -2.9482 theta: 0
sending message x: -66.6916 y: -2.32619 theta: 0
sending message x: -66.4628 y: -2.19411 theta: 0
sending message x: -66.3116 y: -1.88354 theta: 0
sending message x: -66.0842 y: -1.41762 theta: 0
sending message x: -65.8551 y: -1.28527 theta: 0
sending message x: -65.626 y: -1.15296 theta: 0
sending message x: -65.2438 y: -1.04353 theta: 0
sending message x: -64.863 y: -0.601684 theta: 0
sending message x: -64.7106 y: -0.556508 theta: 0
sending message x: -64.4814 y: -0.688662 theta: 0
sending message x: -64.3286 y: -0.711221 theta: 0
sending message x: -64.2523 y: -0.556438 theta: 0
sending message x: -64.0995 y: -0.578896 theta: 0
sending message x: -63.9468 y: -0.601291 theta: 0
sending message x: -63.6415 y: -0.579093 theta: 0
sending message x: -63.6415 y: -0.579115 theta: 0
sending message x: -63.3367 y: -0.755195 theta: 0
sending message x: -62.8025 y: -0.865478 theta: 0
sending message x: -62.4214 y: -0.689749 theta: 0
sending message x: -61.9637 y: -0.360232 theta: 0
sending message x: -61.3533 y: -0.582076 theta: 0
sending message x: -61.0478 y: -0.296208 theta: 0
sending message x: -60.7425 y: -0.275054 theta: 0
sending message x: -60.5899 y: -0.232753 theta: 0
sending message x: -60.2089 y: -0.260274 theta: -0.558595
sending message x: -57.2159 y: -1.48259 theta: 0
sending message x: -52.626 y: -1.51401 theta: 0
sending message x: -47.9583 y: -1.4196 theta: 0
sending message x: -45.1288 y: -1.68379 theta: 0
sending message x: -43.3666 y: -1.70583 theta: 0
sending message x: -41.7597 y: -1.66285 theta: 0
sending message x: -41.0707 y: -1.57408 theta: 0
sending message x: -40.6899 y: -1.1487 theta: 0
sending message x: -40.538 y: -0.856031 theta: 0
sending message x: -40.538 y: -0.856031 theta: 0
sending message x: -40.3088 y: -0.723559 theta: 0
sending message x: -40.3088 y: -0.723559 theta: 0
sending message x: 0 y: 0 theta: 0.60876
sending message x: 0 y: 0 theta: 0.60876
sending message x: 0 y: 0 theta: 0
[0m[ INFO] [1430249032.454022391]: action move body has finished[0m
Message Emotionalmove_body {"type":"movement_parameter","repetition" : "no","parameters": [[{"space":300.0000305175781,"velocity":171.4285888671875}
,{"space":300,"velocity":352.941162109375}
]],"reference" :500}
sending message x: -171.429 y: -2.20907 theta: 0
sending message x: -171.429 y: -11.1793 theta: 0
sending message x: -171.429 y: -11.7432 theta: 0
sending message x: -171.429 y: -14.8441 theta: 0
sending message x: -171.429 y: -64.2789 theta: 0.617143
sending message x: -171.429 y: -64.2789 theta: 0.617143
sending message x: -171.429 y: -33.6983 theta: 0.617143
sending message x: -171.429 y: -6.30947 theta: 0.617143
sending message x: -171.429 y: 17.5626 theta: 0
sending message x: -171.429 y: 32.8595 theta: 0
sending message x: -171.429 y: 32.2205 theta: -0.617143
sending message x: -171.429 y: 20.3022 theta: 0
sending message x: -171.429 y: 12.0916 theta: 0
Message Emotionalmove_body emotion_synch
sending message x: -352.941 y: 14.3703 theta: 0
sending message x: -332.937 y: 13.7017 theta: 0
sending message x: -283.635 y: 12.4683 theta: 0
sending message x: -245.774 y: 9.51519 theta: 0
sending message x: -209.66 y: 8.30336 theta: 0
sending message x: -172.021 y: 7.01036 theta: 0
sending message x: -148.449 y: 6.11067 theta: 0
sending message x: -121.929 y: 5.94391 theta: 0
sending message x: -106.333 y: 5.78855 theta: 0
sending message x: -92.8966 y: 5.75667 theta: 0
sending message x: -82.6499 y: 4.94194 theta: 0
sending message x: -76.3712 y: 4.95934 theta: 0
sending message x: -70.9873 y: 5.00337 theta: 0
sending message x: -66.6588 y: 5.16909 theta: 0
sending message x: -64.1662 y: 6.02818 theta: -0.637374
sending message x: -60.8981 y: 4.88943 theta: 0
sending message x: -50.6505 y: 3.40908 theta: 0
sending message x: -44.9949 y: 3.22808 theta: 0
sending message x: -40.4791 y: 4.00097 theta: 0
sending message x: 0 y: 0 theta: 0
[0m[ INFO] [1430249037.493442269]: action move body has finished[0m
Message Emotionalmove_body {"type":"movement_parameter","repetition" : "no","parameters": [[{"space":300.0000305175781,"velocity":171.4285888671875}
,{"space":300,"velocity":352.941162109375}
]],"reference" :500}
sending message x: -171.429 y: -171.429 theta: 0
sending message x: -171.429 y: -171.429 theta: 0
sending message x: -171.429 y: -171.429 theta: 0
sending message x: -171.429 y: -171.429 theta: -0.617143
sending message x: -171.429 y: -171.429 theta: -0.617143
Message Emotionalmove_body emotion_synch
sending message x: -352.941 y: -215.369 theta: -0.737637
sending message x: -352.941 y: -225.226 theta: 0
sending message x: -352.941 y: -201.622 theta: 0
sending message x: -352.941 y: -175.08 theta: 0
sending message x: -352.941 y: -152.727 theta: 0
sending message x: -352.941 y: -125.209 theta: 0
sending message x: -352.941 y: -109.343 theta: 0
sending message x: -352.941 y: -89.316 theta: 0
sending message x: -352.941 y: -78.0318 theta: 0
sending message x: -352.941 y: -69.178 theta: 0
sending message x: -345.392 y: -56.0202 theta: 0
sending message x: -305.703 y: -49.3152 theta: 0
sending message x: -267.024 y: -44.9678 theta: 0
sending message x: -219.812 y: -36.5609 theta: 0
sending message x: -191.373 y: -32.5417 theta: 0
sending message x: -166.379 y: -29.439 theta: 0
sending message x: -139.176 y: -23.1578 theta: 0
sending message x: -123.304 y: -20.1914 theta: 0
sending message x: -105.175 y: -16.4773 theta: 0
sending message x: -95.6499 y: -13.7265 theta: 0
sending message x: -88.3021 y: -12.1135 theta: 0
sending message x: -78.8973 y: -10.3158 theta: 0
sending message x: -72.6699 y: -8.99316 theta: 0
sending message x: -66.8308 y: -7.45852 theta: 0
sending message x: -61.3 y: -5.57657 theta: 0
sending message x: -58.1265 y: -5.46672 theta: 0
sending message x: -55.0208 y: -5.323 theta: 0
sending message x: -51.5405 y: -4.9686 theta: -0.658858
sending message x: -49.287 y: -6.32719 theta: 0
sending message x: -42.9769 y: -7.17385 theta: 0
sending message x: 0 y: 0 theta: 0.651731
sending message x: 0 y: 0 theta: 0
[0m[ INFO] [1430249042.702255438]: action move body has finished[0m
Message Emotionalmove_body {"type":"movement_parameter","repetition" : "no","parameters": [[{"space":300.0000305175781,"velocity":171.4285888671875}
,{"space":300,"velocity":352.941162109375}
]],"reference" :500}
sending message x: 0 y: 0 theta: -0.617143
sending message x: 0 y: 0 theta: -0.617143
sending message x: 0 y: 0 theta: -0.617143
sending message x: 0 y: 0 theta: -0.617143
sending message x: 0 y: 0 theta: -0.617143
sending message x: 0 y: 0 theta: -0.617143
sending message x: 0 y: 0 theta: -0.617143
sending message x: 0 y: 0 theta: -0.617143
sending message x: 0 y: 0 theta: -0.617143
sending message x: 0 y: 0 theta: -0.617143
sending message x: 0 y: 0 theta: -0.617143
sending message x: 0 y: 0 theta: -0.617143
sending message x: 0 y: 0 theta: -0.617143
sending message x: 0 y: 0 theta: -0.617143
sending message x: 0 y: 0 theta: -0.617143
sending message x: 0 y: 0 theta: -0.617143
sending message x: 0 y: 0 theta: -0.617143
sending message x: 0 y: 0 theta: -0.617143
sending message x: 0 y: 0 theta: -0.617143
sending message x: 0 y: 0 theta: -0.617143
sending message x: 0 y: 0 theta: -0.617143
sending message x: 0 y: 0 theta: -0.617143
sending message x: 0 y: 0 theta: -0.617143
sending message x: 0 y: 0 theta: -0.617143
sending message x: 0 y: 0 theta: -0.617143
sending message x: 0 y: 0 theta: -0.617143
sending message x: 0 y: 0 theta: -0.617143
sending message x: 0 y: 0 theta: -0.617143
sending message x: 0 y: 0 theta: -0.617143
sending message x: 0 y: 0 theta: -0.617143
sending message x: 0 y: 0 theta: -0.617143
sending message x: 0 y: 0 theta: -0.617143
sending message x: 0 y: 0 theta: -0.617143
sending message x: 0 y: 0 theta: -0.617143
sending message x: 0 y: 0 theta: -0.617143
sending message x: 0 y: 0 theta: -0.617143
sending message x: 0 y: 0 theta: -0.617143
sending message x: 0 y: 0 theta: -0.617143
sending message x: 0 y: 0 theta: -0.617143
sending message x: 0 y: 0 theta: -0.617143
sending message x: 0 y: 0 theta: -0.617143
sending message x: 0 y: 0 theta: -0.617143
sending message x: 0 y: 0 theta: -0.617143
sending message x: 0 y: 0 theta: -0.617143
sending message x: 0 y: 0 theta: -0.617143
sending message x: 0 y: 0 theta: -0.617143
sending message x: 0 y: 0 theta: -0.617143
sending message x: 0 y: 0 theta: -0.617143
sending message x: 0 y: 0 theta: -0.617143
sending message x: 0 y: 0 theta: -0.617143
sending message x: 0 y: 0 theta: -0.617143
sending message x: 0 y: 0 theta: -0.617143
sending message x: 0 y: 0 theta: -0.617143
sending message x: 0 y: 0 theta: -0.617143
sending message x: 0 y: 0 theta: -0.617143
sending message x: 0 y: 0 theta: -0.617143
sending message x: 0 y: 0 theta: -0.617143
sending message x: 0 y: 0 theta: -0.617143
sending message x: 0 y: 0 theta: -0.617143
sending message x: 0 y: 0 theta: -0.617143
sending message x: 0 y: 0 theta: -0.617143
sending message x: 0 y: 0 theta: -0.617143
sending message x: 0 y: 0 theta: -0.617143
sending message x: 0 y: 0 theta: -0.617143
sending message x: 0 y: 0 theta: -0.617143
sending message x: 0 y: 0 theta: -0.617143
sending message x: 0 y: 0 theta: -0.617143
sending message x: 0 y: 0 theta: -0.617143
sending message x: 0 y: 0 theta: -0.617143
sending message x: 0 y: 0 theta: -0.566259
Message Emotionalmove_body {"type":"movement_parameter","repetition" : "no","parameters": [[{"space":300.0000305175781,"velocity":171.4285888671875}
,{"space":300,"velocity":352.941162109375}
]],"reference" :500}
sending message x: 0 y: 0 theta: 0
[0m[ INFO] [1430249048.748972066]: action move body has finished[0m
Message Emotionalmove_body {"type":"movement_parameter","repetition" : "no","parameters": [[{"space":300.0000305175781,"velocity":171.4285888671875}
,{"space":300,"velocity":352.941162109375}
]],"reference" :500}
sending message x: 51.3428 y: -171.429 theta: 0.617143
sending message x: 44.9055 y: -171.429 theta: 0.617143
sending message x: 33.7034 y: -171.429 theta: 0
sending message x: 30.7018 y: -171.429 theta: 0.543803
sending message x: 27.0562 y: -171.429 theta: 0
sending message x: 23.0535 y: -171.429 theta: 0
sending message x: 24.3791 y: -171.429 theta: 0
sending message x: 24.5207 y: -171.429 theta: 0.593934
sending message x: 21.4655 y: -171.429 theta: 0
sending message x: 19.5026 y: -171.429 theta: 0
sending message x: 20.5136 y: -168.132 theta: 0
sending message x: 19.9548 y: -142.942 theta: 0.617143
sending message x: 18.5512 y: -126.224 theta: 0
sending message x: 15.7445 y: -106.367 theta: 0
sending message x: 13.5416 y: -94.598 theta: 0
Message Emotionalmove_body {"type":"movement_parameter","repetition" : "no","parameters": [[{"space":100.0000076293945,"velocity":600.2401123046875}
]],"reference" :500}
sending message x: 12.9466 y: -84.0886 theta: 0
sending message x: 11.9464 y: -68.8301 theta: 0
sending message x: 11.1906 y: -61.3662 theta: 0
sending message x: 10.1274 y: -55.0781 theta: 0
sending message x: 8.32858 y: -48.7594 theta: 0
sending message x: 7.25118 y: -45.0061 theta: 0
sending message x: 6.63931 y: -41.8072 theta: 0
sending message x: 0 y: 0 theta: 0.65123
sending message x: 0 y: 0 theta: 0
[0m[ INFO] [1430249050.849525025]: action move body has finished[0m
Message Emotionalmove_body {"type":"movement_parameter","repetition" : "no","parameters": [[{"space":100.0000076293945,"velocity":600.2401123046875}
]],"reference" :500}
sending message x: 0 y: 0 theta: 2.16086
sending message x: 0 y: 0 theta: 2.16086
sending message x: 0 y: 0 theta: 2.16086
sending message x: 0 y: 0 theta: 2.16086
sending message x: 0 y: 0 theta: 2.16086
sending message x: 0 y: 0 theta: 2.16086
sending message x: 0 y: 0 theta: 2.16086
sending message x: 0 y: 0 theta: 2.16086
sending message x: 0 y: 0 theta: 2.16086
sending message x: 0 y: 0 theta: 2.16086
sending message x: 0 y: 0 theta: 2.16086
sending message x: 0 y: 0 theta: 2.16086
sending message x: 0 y: 0 theta: 2.16086
sending message x: 0 y: 0 theta: 2.16086
sending message x: 0 y: 0 theta: 2.16086
sending message x: 0 y: 0 theta: 2.16086
sending message x: 0 y: 0 theta: 2.16086
sending message x: 0 y: 0 theta: 2.16086
sending message x: 0 y: 0 theta: 2.16086
sending message x: 0 y: 0 theta: 2.16086
sending message x: 0 y: 0 theta: 2.16086
sending message x: 0 y: 0 theta: 2.16086
sending message x: 0 y: 0 theta: 0.902373
sending message x: 0 y: 0 theta: -0.558612
sending message x: 0 y: 0 theta: 0
[0m[ INFO] [1430249053.032931485]: action move body has finished[0m
Message Emotionalmove_body {"type":"movement_parameter","repetition" : "no","parameters": [[{"space":100.0000076293945,"velocity":600.2401123046875}
]],"reference" :500}
sending message x: 24.0537 y: 600.24 theta: 0
sending message x: 29.301 y: 600.24 theta: 0
sending message x: 33.1567 y: 600.24 theta: 0
sending message x: 22.7711 y: 600.24 theta: 0
sending message x: 26.9634 y: 600.24 theta: 0
sending message x: 27.0661 y: 600.24 theta: 0
Message Emotionalmove_body emotion_synch
sending message x: 27.4463 y: 600.24 theta: 0
sending message x: 26.6125 y: 538.844 theta: 0
sending message x: 25.6219 y: 472.488 theta: 0
Message Emotionalmove_body {"type":"movement_parameter","repetition" : "no","parameters": [[{"space":100,"velocity":500}
,{"space":100,"velocity":250}
,{"space":200,"velocity":800}
]],"reference" :500}
sending message x: 24.6999 y: 413.273 theta: 0
sending message x: 23.4937 y: 340.849 theta: 0
sending message x: 22.7818 y: 299.618 theta: 0
sending message x: 24.5648 y: 245.593 theta: 0
sending message x: 22.6505 y: 215.274 theta: 0
Message Emotionalmove_body emotion_synch
sending message x: 21.3068 y: 188.76 theta: 0
sending message x: 20.5106 y: 153.889 theta: 0
sending message x: 19.393 y: 133.982 theta: 0
sending message x: 19.1441 y: 118.389 theta: 0
sending message x: 19.382 y: 99.0665 theta: 0
sending message x: 18.1453 y: 87.6075 theta: 0
sending message x: 17.7166 y: 77.8457 theta: 0
sending message x: 17.1356 y: 65.5946 theta: 0
sending message x: 16.1503 y: 57.982 theta: 0
sending message x: 15.7666 y: 51.656 theta: 0
sending message x: 15.6733 y: 45.4454 theta: 0
sending message x: 15.8574 y: 41.2023 theta: 0
Message Emotionalmove_body emotion_synch
sending message x: 0 y: 0 theta: 0
[0m[ INFO] [1430249055.384526986]: action move body has finished[0m
Message Emotionalmove_body {"type":"movement_parameter","repetition" : "no","parameters": [[{"space":100,"velocity":500}
,{"space":100,"velocity":250}
,{"space":200,"velocity":800}
]],"reference" :500}
sending message x: 0 y: 0 theta: -1.8
sending message x: 0 y: 0 theta: -1.8
sending message x: 0 y: 0 theta: -1.8
sending message x: 0 y: 0 theta: -1.8
sending message x: 0 y: 0 theta: -1.8
sending message x: 0 y: 0 theta: -1.8
sending message x: 0 y: 0 theta: -1.8
sending message x: 0 y: 0 theta: -1.8
sending message x: 0 y: 0 theta: -1.8
sending message x: 0 y: 0 theta: -1.8
sending message x: 0 y: 0 theta: -1.8
sending message x: 0 y: 0 theta: -1.8
sending message x: 0 y: 0 theta: -1.8
sending message x: 0 y: 0 theta: -1.8
sending message x: 0 y: 0 theta: -1.8
sending message x: 0 y: 0 theta: -1.8
sending message x: 0 y: 0 theta: -1.8
sending message x: 0 y: 0 theta: -1.8
sending message x: 0 y: 0 theta: -1.8
sending message x: 0 y: 0 theta: -1.8
sending message x: 0 y: 0 theta: -1.8
sending message x: 0 y: 0 theta: -1.8
sending message x: 0 y: 0 theta: -1.8
sending message x: 0 y: 0 theta: -1.8
sending message x: 0 y: 0 theta: -1.8
sending message x: 0 y: 0 theta: -1.8
sending message x: 0 y: 0 theta: -0.61639
sending message x: 0 y: 0 theta: 0.565289
sending message x: 17.0767 y: -42.0692 theta: 1.8
sending message x: 18.1605 y: -41.8002 theta: 1.8
sending message x: 0 y: 0 theta: 1.8
sending message x: 5.07415 y: -40.1803 theta: 1.8
sending message x: 0 y: 0 theta: 1.8
sending message x: 0 y: 0 theta: 1.8
sending message x: -7.91285 y: -40.3182 theta: 1.8
sending message x: 0 y: 0 theta: 0.923375
sending message x: 0 y: 0 theta: 0
[0m[ INFO] [1430249060.004688363]: action move body has finished[0m
Message Emotionalmove_body {"type":"movement_parameter","repetition" : "no","parameters": [[{"space":100,"velocity":500}
,{"space":100,"velocity":250}
,{"space":200,"velocity":800}
]],"reference" :500}
sending message x: 57.4875 y: 500 theta: -1.12487
sending message x: 26.2796 y: 500 theta: -0.702331
sending message x: -53.1006 y: 500 theta: 0
sending message x: -70.895 y: 500 theta: 0.758653
sending message x: -13.5906 y: 500 theta: 0
sending message x: 0.477432 y: 500 theta: 0
Message Emotionalmove_body emotion_synch
sending message x: 7.07398 y: 250 theta: 0
sending message x: -4.46153 y: 250 theta: 0
sending message x: -4.40664 y: 250 theta: 0
sending message x: -2.73887 y: 250 theta: 0
Message Emotionalmove_body emotion_synch
sending message x: -1.93197 y: 800 theta: 0
sending message x: -7.67741 y: 745.343 theta: 0
sending message x: -6.9667 y: 655.593 theta: 0
sending message x: 7.39585 y: 543.981 theta: -0.63071
sending message x: -13.6295 y: 473.69 theta: 0
sending message x: -11.8063 y: 411.402 theta: 0
sending message x: -13.4301 y: 333.735 theta: 0
sending message x: -12.1856 y: 288.669 theta: 0
sending message x: -11.271 y: 228.386 theta: 0
sending message x: -11.3595 y: 196.51 theta: 0
sending message x: -11.0212 y: 169.678 theta: 0
sending message x: -10.1544 y: 133.2 theta: 0
sending message x: -10.1469 y: 114.42 theta: 0
sending message x: -9.58773 y: 98.1698 theta: 0
sending message x: -9.16436 y: 77.8155 theta: 0
Message Emotionalmove_body {"type":"movement_parameter","repetition" : "no","parameters": [[{"space":300.0000305175781,"velocity":171.4285888671875}
,{"space":300,"velocity":352.941162109375}
]],"reference" :500}
