\BOOKMARK [0][-]{chapter.1}{General View}{}% 1
\BOOKMARK [1][-]{subsection.1.0.1}{Simple Action}{chapter.1}% 2
\BOOKMARK [2][-]{subsection.1.0.2}{Abstract Actions}{subsection.1.0.1}% 3
\BOOKMARK [1][-]{section.1.1}{Description}{chapter.1}% 4
\BOOKMARK [2][-]{subsection.1.1.1}{Simple Actions}{section.1.1}% 5
\BOOKMARK [2][-]{subsection.1.1.2}{Abstract Action}{section.1.1}% 6
\BOOKMARK [2][-]{subsection.1.1.3}{Action Profile}{section.1.1}% 7
\BOOKMARK [2][-]{subsection.1.1.4}{Emotion Profile}{section.1.1}% 8
\BOOKMARK [2][-]{subsection.1.1.5}{Script descriptor}{section.1.1}% 9
\BOOKMARK [2][-]{subsection.1.1.6}{Character descriptor}{section.1.1}% 10
\BOOKMARK [1][-]{section.1.2}{Action Modulation}{chapter.1}% 11
\BOOKMARK [2][-]{subsection.1.2.1}{Action Modulation}{section.1.2}% 12
\BOOKMARK [2][-]{subsection.1.2.2}{Action Generation}{section.1.2}% 13
\BOOKMARK [1][-]{section.1.3}{Belief}{chapter.1}% 14
\BOOKMARK [2][-]{subsection.1.3.1}{Relational Social Model}{section.1.3}% 15
\BOOKMARK [2][-]{subsection.1.3.2}{Social World Model}{section.1.3}% 16
\BOOKMARK [2][-]{subsection.1.3.3}{Emotional Model}{section.1.3}% 17
\BOOKMARK [2][-]{subsection.1.3.4}{World Model}{section.1.3}% 18
\BOOKMARK [0][-]{chapter.2}{Requirements}{}% 19
\BOOKMARK [0][-]{chapter.3}{Description Design}{}% 20
\BOOKMARK [0][-]{chapter.4}{Action Modulation Design}{}% 21
\BOOKMARK [0][-]{chapter.5}{Implementation}{}% 22
\BOOKMARK [1][-]{section.5.1}{Implementation}{chapter.5}% 23
\BOOKMARK [2][-]{subsection.5.1.1}{Action Modulation}{section.5.1}% 24
