[0m[ INFO] [1429800070.459145032]: body action node is ready[0m
Message Emotionalmove_body {"type":"movement_parameter","repetition" : "no","parameters": [[{"space":200,"velocity":500}
,{"space":200,"velocity":1000}
]],"reference" :600}
sending message x: 0 y: 500 theta: 0
sending message x: -1.92695 y: 500 theta: 0
sending message x: 16.7037 y: 500 theta: 0
sending message x: 17.5892 y: 500 theta: 0
sending message x: 14.0005 y: 500 theta: 0
sending message x: -12.2573 y: 500 theta: 0
sending message x: -14.7654 y: 500 theta: 0
sending message x: -7.85357 y: 500 theta: 0
sending message x: -1.84312 y: 500 theta: 0
sending message x: -4.30604 y: 500 theta: 0
sending message x: -1.06847 y: 500 theta: 0
sending message x: 1.74976 y: 500 theta: 0
sending message x: -5.20436 y: 500 theta: 0
Message Emotionalmove_body emotion_synch
sending message x: -2.81605 y: 1000 theta: 0
sending message x: 2.77926 y: 1000 theta: 0
sending message x: 11.3084 y: 1000 theta: 0
sending message x: 10.0559 y: 1000 theta: 0
sending message x: -5.16001 y: 1000 theta: 0
sending message x: -17.2861 y: 1000 theta: 0
sending message x: -10.4235 y: 1000 theta: 0
sending message x: -5.20162 y: 1000 theta: 0
sending message x: -9.89039 y: 1000 theta: 0
sending message x: -10.8636 y: 1000 theta: 0
sending message x: -14.8075 y: 1000 theta: 0
sending message x: -11.8422 y: 1000 theta: 0
sending message x: -3.89925 y: 1000 theta: 0
sending message x: -8.58832 y: 1000 theta: 0
sending message x: -5.63586 y: 713.743 theta: 0
sending message x: -7.28636 y: 543.123 theta: 0
sending message x: -8.40343 y: 416.479 theta: 0
sending message x: -7.4348 y: 319.61 theta: 0
sending message x: 0 y: 0 theta: 0
[0m[ INFO] [1429800089.802174083]: action move body has finished[0m
Message Emotionalmove_body {"type":"movement_parameter","repetition" : "no","parameters": [[{"space":200,"velocity":714.2857055664062}
,{"space":200,"velocity":961.5384521484375}
]],"reference" :600}
Message Emotionaloscillate_body {"type":"movement_parameter","repetition" : "no","parameters": [[{"space":0.05000000074505806,"velocity":1.666666746139526}
]],"reference" :1.5}
The parameter is correct and it has: 1
sending message x: -6.9469 y: -714.286 theta: -1.5
Message Emotionalmove_body {"type":"movement_parameter","repetition" : "no","parameters": [[{"space":200,"velocity":714.2857055664062}
,{"space":200,"velocity":961.5384521484375}
]],"reference" :600}
Message Emotionaloscillate_body {"type":"movement_parameter","repetition" : "no","parameters": [[{"space":0.05000000074505806,"velocity":1.666666746139526}
]],"reference" :1.5}
The parameter is correct and it has: 1
sending message x: 2.56586 y: -714.286 theta: -1.5
sending message x: 218.224 y: -714.286 theta: 1.5
sending message x: 253.79 y: -714.286 theta: 1.5
sending message x: -89.6926 y: -714.286 theta: 1.5
sending message x: -266.413 y: -714.286 theta: -1.5
sending message x: -210.796 y: -714.286 theta: -1.5
sending message x: 153.967 y: -714.286 theta: -1.5
sending message x: 401.215 y: -714.286 theta: 1.5
sending message x: 368.657 y: -714.286 theta: 1.5
Message Emotionaloscillate_body emotion_synch
Synch oscillate body
Synch oscillate actions
Synch oscillate 0
Message Emotionalmove_body emotion_synch
sending message x: 128.234 y: -961.538 theta: 1.5
sending message x: -69.0695 y: -961.538 theta: 1.5
sending message x: -276.619 y: -961.538 theta: -1.5
sending message x: -411.053 y: -961.538 theta: -1.5
sending message x: -118.597 y: -961.538 theta: -1.5
sending message x: 64.3387 y: -961.538 theta: -1.5
sending message x: 232.553 y: -961.538 theta: 1.5
sending message x: 232.17 y: -961.538 theta: 1.5
sending message x: 21.9932 y: -961.538 theta: 1.5
sending message x: -114.653 y: -961.538 theta: 1.5
sending message x: -264.516 y: -961.538 theta: -1.5
sending message x: -265.412 y: -961.538 theta: -1.5
sending message x: -126.191 y: -961.538 theta: -1.5
sending message x: -33.9677 y: -809.583 theta: 0
sending message x: 12.9296 y: -637.674 theta: 0
sending message x: 2.59838 y: -482.008 theta: 0
sending message x: 12.3054 y: -326.233 theta: 0
sending message x: 0 y: 0 theta: 0
[0m[ INFO] [1429800106.112684966]: action move body has finished[0m
[0m[ INFO] [1429800106.113624132]: action oscillate body has finished[0m
Message Emotionalmove_body {"type":"movement_parameter","repetition" : "no","parameters": [[{"space":200,"velocity":100}
,{"space":200.0000152587891,"velocity":168.0672302246094}
,{"space":199.9999847412109,"velocity":240.0095825195312}
]],"reference" :600}
sending message x: 12.6119 y: 100 theta: 0
sending message x: 12.9849 y: 100 theta: 0
sending message x: 11.8677 y: 100 theta: 0
sending message x: 10.5686 y: 100 theta: 0
sending message x: 9.82796 y: 100 theta: 0
sending message x: 8.53593 y: 100 theta: 0
sending message x: 8.35216 y: 100 theta: 0
sending message x: 8.16894 y: 100 theta: 0
sending message x: 7.43831 y: 100 theta: 0
sending message x: 7.07469 y: 100 theta: 0
sending message x: 6.89233 y: 100 theta: 0
sending message x: 6.89233 y: 100 theta: 0
sending message x: 6.71185 y: 100 theta: 0
sending message x: 5.63329 y: 100 theta: 0
sending message x: 3.48294 y: 100 theta: 0
sending message x: 2.94781 y: 100 theta: 0
sending message x: 3.30353 y: 100 theta: 0
sending message x: 3.83573 y: 100 theta: 0
sending message x: 3.83628 y: 100 theta: 0
sending message x: 3.83628 y: 100 theta: 0
sending message x: 2.78121 y: 100 theta: 0
sending message x: 3.30624 y: 100 theta: 0
sending message x: 4.35186 y: 100 theta: 0
sending message x: 3.4837 y: 100 theta: 0
sending message x: 2.61742 y: 100 theta: 0
sending message x: 0.890746 y: 100 theta: 0
sending message x: 0.890689 y: 100 theta: 0
sending message x: 1.57565 y: 100 theta: 0
sending message x: 1.74711 y: 100 theta: 0
sending message x: 1.06606 y: 100 theta: 0
sending message x: 0.387304 y: 100 theta: 0
sending message x: 0.218063 y: 100 theta: 0
sending message x: 1.90094 y: 100 theta: 0
sending message x: 2.06765 y: 100 theta: 0
sending message x: 0.899999 y: 100 theta: 0
sending message x: 0.566912 y: 100 theta: 0
sending message x: -0.0970586 y: 100 theta: 0
sending message x: 0.564616 y: 100 theta: 0
sending message x: 1.22313 y: 100 theta: 0
sending message x: 1.05965 y: 100 theta: 0
sending message x: 0.40651 y: 100 theta: 0
sending message x: 0.24356 y: 100 theta: 0
sending message x: 0.892778 y: 100 theta: 0
sending message x: 1.86288 y: 100 theta: 0
sending message x: 1.21915 y: 100 theta: 0
sending message x: -0.54356 y: 100 theta: 0
sending message x: -0.863124 y: 100 theta: 0
sending message x: -0.385776 y: 100 theta: 0
sending message x: 0.565374 y: 100 theta: 0
sending message x: 0.565374 y: 100 theta: 0
sending message x: -0.0640307 y: 100 theta: 0
sending message x: -0.221023 y: 100 theta: 0
sending message x: 0.558623 y: 100 theta: 0
sending message x: 1.49112 y: 100 theta: 0
sending message x: 1.3367 y: 100 theta: 0
sending message x: 0.56527 y: 100 theta: 0
sending message x: -0.664586 y: 100 theta: 0
sending message x: 0.253042 y: 100 theta: 0
Message Emotionalmove_body emotion_synch
sending message x: 1.96122 y: 168.067 theta: 0
sending message x: 2.21705 y: 168.067 theta: 0
sending message x: 0.693571 y: 168.067 theta: 0
sending message x: 2.20595 y: 168.067 theta: 0
sending message x: 1.4554 y: 168.067 theta: 0
sending message x: -2.01807 y: 168.067 theta: 0
sending message x: 0.442319 y: 168.067 theta: 0
sending message x: -0.778547 y: 168.067 theta: 0
sending message x: -0.776771 y: 168.067 theta: 0
sending message x: 1.14364 y: 168.067 theta: 0
sending message x: -2.4286 y: 168.067 theta: 0
sending message x: -0.539331 y: 168.067 theta: 0
sending message x: 0.157881 y: 168.067 theta: 0
sending message x: -0.536958 y: 168.067 theta: 0
sending message x: 0.842976 y: 168.067 theta: 0
sending message x: 0.160891 y: 168.067 theta: 0
sending message x: -0.975526 y: 168.067 theta: 0
sending message x: 0.374059 y: 168.067 theta: 0
sending message x: -0.512802 y: 168.067 theta: 0
sending message x: -0.291936 y: 168.067 theta: 0
sending message x: 1.23879 y: 168.067 theta: 0
sending message x: -1.79731 y: 168.067 theta: 0
sending message x: -0.507361 y: 168.067 theta: 0
sending message x: 0.131661 y: 168.067 theta: 0
sending message x: -1.55591 y: 168.067 theta: 0
sending message x: 0.322853 y: 168.067 theta: 0
sending message x: -0.917605 y: 168.067 theta: 0
sending message x: -2.14998 y: 168.067 theta: 0
sending message x: -0.521966 y: 168.067 theta: 0
sending message x: -1.1268 y: 168.067 theta: 0
sending message x: -1.72524 y: 168.067 theta: 0
sending message x: -0.535492 y: 168.067 theta: 0
Message Emotionalmove_body emotion_synch
sending message x: -3.83524 y: 240.01 theta: 0
sending message x: -2.45204 y: 240.01 theta: 0
sending message x: -2.17862 y: 240.01 theta: 0
sending message x: -0.840042 y: 240.01 theta: 0
sending message x: -3.21236 y: 240.01 theta: 0
sending message x: -1.1328 y: 240.01 theta: 0
sending message x: -1.1447 y: 240.01 theta: 0
sending message x: -0.380076 y: 240.01 theta: 0
sending message x: -3.12174 y: 240.01 theta: 0
sending message x: -1.64274 y: 240.01 theta: 0
sending message x: -2.85469 y: 240.01 theta: 0
sending message x: -4.23871 y: 240.01 theta: 0
sending message x: -2.39699 y: 240.01 theta: 0
sending message x: -3.52812 y: 240.01 theta: 0
sending message x: -0.858232 y: 240.01 theta: 0
sending message x: -4.35477 y: 240.01 theta: 0
sending message x: -0.06225 y: 240.01 theta: 0
sending message x: -2.41156 y: 240.01 theta: 0
sending message x: -1.3547 y: 240.01 theta: 0
sending message x: -3.40387 y: 240.01 theta: 0
sending message x: -2.98254 y: 240.01 theta: 0
sending message x: -2.04096 y: 240.01 theta: 0
sending message x: -3.15364 y: 240.01 theta: 0
sending message x: -2.80406 y: 240.01 theta: 0
sending message x: -4.80845 y: 240.01 theta: 0
sending message x: -3.2062 y: 240.01 theta: 0
sending message x: -4.77139 y: 240.01 theta: 0
sending message x: -3.4108 y: 240.01 theta: 0
sending message x: -3.25681 y: 240.01 theta: 0
sending message x: -2.60359 y: 240.01 theta: 0
sending message x: -3.25028 y: 240.01 theta: 0
sending message x: -3.39697 y: 240.01 theta: 0
sending message x: -2.37367 y: 240.01 theta: 0
sending message x: -4.08098 y: 240.01 theta: 0
sending message x: -2.42703 y: 240.01 theta: 0
sending message x: -4.32005 y: 240.01 theta: 0
sending message x: -2.06852 y: 234.101 theta: 0
sending message x: -3.61815 y: 222.985 theta: 0
sending message x: -2.37482 y: 212.682 theta: 0
sending message x: -2.51663 y: 202.764 theta: 0
sending message x: -1.92358 y: 192.849 theta: 0
sending message x: -2.8414 y: 183.323 theta: 0
sending message x: -2.61461 y: 170.311 theta: 0
sending message x: -2.08985 y: 162.459 theta: 0
sending message x: -1.58716 y: 154.923 theta: 0
sending message x: -2.27091 y: 147.857 theta: 0
sending message x: -2.75905 y: 141.107 theta: 0
sending message x: -2.28499 y: 134.843 theta: 0
sending message x: -1.73256 y: 128.816 theta: 0
sending message x: -2.45061 y: 120.081 theta: 0
sending message x: -1.75251 y: 114.691 theta: 0
sending message x: -1.24396 y: 109.457 theta: 0
sending message x: -1.91026 y: 104.85 theta: 0
sending message x: -2.15532 y: 100.166 theta: 0
sending message x: -2.07632 y: 95.9609 theta: 0
sending message x: -1.36966 y: 90.3321 theta: 0
sending message x: -1.13878 y: 86.7624 theta: 0
sending message x: -1.13941 y: 83.4294 theta: 0
sending message x: -1.43786 y: 80.0947 theta: 0
sending message x: -1.36489 y: 76.5242 theta: 0
sending message x: -1.07755 y: 73.3517 theta: 0
sending message x: -0.583399 y: 68.8305 theta: 0
sending message x: -0.58293 y: 66.2911 theta: 0
sending message x: -0.719716 y: 64.0687 theta: 0
sending message x: -0.990559 y: 61.8456 theta: 0
sending message x: 0 y: 0 theta: 0
[0m[ INFO] [1429800124.524750558]: action move body has finished[0m
Message Emotionalmove_body {"type":"movement_parameter","repetition" : "no","parameters": [[{"space":200,"velocity":714.2857055664062}
,{"space":200,"velocity":961.5384521484375}
]],"reference" :600}
Message Emotionaloscillate_body {"type":"movement_parameter","repetition" : "no","parameters": [[{"space":0.05000000074505806,"velocity":1.666666746139526}
]],"reference" :1.5}
The parameter is correct and it has: 1
sending message x: 6.43907 y: -714.286 theta: -1.5
sending message x: 28.0982 y: -714.286 theta: -1.5
sending message x: 176.784 y: -714.286 theta: -1.5
sending message x: 484.267 y: -714.286 theta: 1.5
sending message x: 475.828 y: -714.286 theta: 1.5
sending message x: 160.319 y: -714.286 theta: 1.5
sending message x: -73.0916 y: -714.286 theta: 1.5
sending message x: -160.137 y: -714.286 theta: 1.5
sending message x: -337.925 y: -714.286 theta: -1.5
Message Emotionaloscillate_body emotion_synch
Synch oscillate body
Synch oscillate actions
Synch oscillate 0
Message Emotionalmove_body emotion_synch
sending message x: -619.956 y: -961.538 theta: -1.5
sending message x: -138.672 y: -961.538 theta: -1.5
sending message x: 177.79 y: -961.538 theta: -1.5
sending message x: 261.503 y: -961.538 theta: 1.5
sending message x: 254.763 y: -961.538 theta: 1.5
sending message x: -48.3527 y: -961.538 theta: 1.5
sending message x: -256.369 y: -961.538 theta: -1.5
sending message x: -208.622 y: -961.538 theta: -1.5
sending message x: 7.73576 y: -961.538 theta: -1.5
sending message x: 132.055 y: -961.538 theta: 1.5
sending message x: 116.392 y: -961.538 theta: 1.5
sending message x: -73.6681 y: -961.538 theta: 1.5
sending message x: -110.504 y: -961.538 theta: -1.5
sending message x: -135.482 y: -825.226 theta: -0.91143
sending message x: -32.1153 y: -676.622 theta: 0
sending message x: -30.331 y: -529.575 theta: 0
sending message x: -30.8963 y: -419.859 theta: 0
sending message x: -30.7912 y: -330.629 theta: 0
sending message x: -28.2117 y: -248.866 theta: 0
sending message x: 0 y: 0 theta: 0
[0m[ INFO] [1429800143.534768858]: action move body has finished[0m
[0m[ INFO] [1429800143.535765400]: action oscillate body has finished[0m
Message Emotionalmove_body {"type":"movement_parameter","repetition" : "no","parameters": [[{"space":200,"velocity":714.2857055664062}
,{"space":200,"velocity":961.5384521484375}
]],"reference" :600}
Message Emotionaloscillate_body {"type":"movement_parameter","repetition" : "no","parameters": [[{"space":0.05000000074505806,"velocity":1.666666746139526}
]],"reference" :1.5}
The parameter is correct and it has: 1
sending message x: 166.01 y: 714.286 theta: -1.5
sending message x: 159.318 y: 714.286 theta: -1.5
sending message x: 95.5981 y: 714.286 theta: -1.5
sending message x: -119.07 y: 714.286 theta: -1.5
sending message x: -357.35 y: 714.286 theta: 1.5
sending message x: -444.775 y: 714.286 theta: 1.5
sending message x: -276.676 y: 714.286 theta: 1.5
sending message x: -122.532 y: 714.286 theta: 1.5
sending message x: 88.7429 y: 714.286 theta: 1.5
sending message x: 327.402 y: 714.286 theta: -1.5
Message Emotionaloscillate_body emotion_synch
Synch oscillate body
Synch oscillate actions
Synch oscillate 0
Message Emotionalmove_body emotion_synch
sending message x: 464.292 y: 961.538 theta: -1.5
sending message x: 183.418 y: 961.538 theta: -1.5
sending message x: 68.2196 y: 961.538 theta: -1.5
sending message x: -179.449 y: 961.538 theta: 1.5
sending message x: -210.125 y: 961.538 theta: 1.5
sending message x: -36.6642 y: 961.538 theta: 1.5
sending message x: 153.715 y: 961.538 theta: 1.5
sending message x: 276.154 y: 961.538 theta: -1.5
sending message x: 253.112 y: 961.538 theta: -1.5
sending message x: 109.347 y: 961.538 theta: -1.5
sending message x: -19.3623 y: 961.538 theta: -1.5
sending message x: -129.685 y: 961.538 theta: 1.5
sending message x: -225.6 y: 961.538 theta: 1.5
sending message x: -101.595 y: 950.888 theta: 0
sending message x: -75.1637 y: 761.629 theta: 0
sending message x: -58.7366 y: 592.78 theta: 0
sending message x: -50.2915 y: 460.186 theta: 0
sending message x: -41.8179 y: 358.834 theta: 0
sending message x: -36.3656 y: 271.212 theta: 0
sending message x: 0 y: 0 theta: 0
[0m[ INFO] [1429800175.611421415]: action move body has finished[0m
[0m[ INFO] [1429800175.612914707]: action oscillate body has finished[0m
Message Emotionalmove_body {"type":"movement_parameter","repetition" : "no","parameters": [[{"space":100,"velocity":840.3361206054688}
]],"reference" :600}
Message Emotionaloscillate_body {"type":"movement_parameter","repetition" : "no","parameters": [[{"space":0.6000000238418579,"velocity":0.5400054454803467}
]],"reference" :1.5}
The parameter is correct and it has: 1
sending message x: 28.7248 y: -840.336 theta: 1.5
sending message x: -47.21 y: -840.336 theta: 1.5
sending message x: -231.854 y: -840.336 theta: 1.5
sending message x: -400.298 y: -840.336 theta: 1.5
sending message x: -553.033 y: -840.336 theta: 1.5
sending message x: -660.865 y: -840.336 theta: 1.5
Message Emotionaloscillate_body emotion_synch
Synch oscillate body
Synch oscillate actions
Synch oscillate 0
Message Emotionalmove_body emotion_synch
sending message x: -732.055 y: -840.336 theta: 1.5
sending message x: -817.637 y: -840.336 theta: 1.5
sending message x: -840.336 y: -840.336 theta: 1.5
sending message x: -840.336 y: -840.336 theta: 1.5
sending message x: -840.336 y: -840.336 theta: 1.5
sending message x: -832.594 y: -840.336 theta: 1.5
sending message x: -815.655 y: -840.336 theta: -1.5
sending message x: -652.86 y: -840.336 theta: -1.5
sending message x: -342.269 y: -840.336 theta: -1.5
sending message x: -154.225 y: -840.336 theta: -1.5
sending message x: -56.2188 y: -840.336 theta: -1.5
sending message x: 75.0784 y: -840.336 theta: -1.5
sending message x: 114.161 y: -840.336 theta: -1.5
sending message x: 172.413 y: -840.336 theta: -1.5
sending message x: 222.743 y: -715.967 theta: -1.20309
sending message x: 232.039 y: -569.042 theta: -0.705707
sending message x: 220.206 y: -455.604 theta: 0
sending message x: 191.451 y: -369.226 theta: 0
sending message x: 152.023 y: -304.634 theta: 0
sending message x: 118.213 y: -244.195 theta: 0
sending message x: 0 y: 0 theta: 0
[0m[ INFO] [1429800197.210292759]: action move body has finished[0m
[0m[ INFO] [1429800197.211209592]: action oscillate body has finished[0m
Message Emotionalmove_body {"type":"movement_parameter","repetition" : "no","parameters": [[{"space":100,"velocity":840.3361206054688}
]],"reference" :600}
Message Emotionaloscillate_body {"type":"movement_parameter","repetition" : "no","parameters": [[{"space":0.6000000238418579,"velocity":0.5400054454803467}
]],"reference" :1.5}
The parameter is correct and it has: 1
sending message x: -1.13804 y: 840.336 theta: -1.5
sending message x: -18.675 y: 840.336 theta: -1.5
sending message x: -102.438 y: 840.336 theta: -1.5
sending message x: -364.986 y: 840.336 theta: -1.5
sending message x: -507.047 y: 840.336 theta: -1.5
Message Emotionaloscillate_body emotion_synch
Synch oscillate body
Synch oscillate actions
Synch oscillate 0
Message Emotionalmove_body emotion_synch
sending message x: -740.355 y: 840.336 theta: -1.5
sending message x: -840.336 y: 840.336 theta: -1.5
sending message x: -840.336 y: 840.336 theta: -1.5
sending message x: -840.336 y: 840.336 theta: -1.5
sending message x: -840.336 y: 840.336 theta: -1.5
sending message x: -840.336 y: 840.336 theta: -1.5
sending message x: -840.336 y: 840.336 theta: 1.5
sending message x: -840.336 y: 840.336 theta: 1.5
sending message x: -702.52 y: 840.336 theta: 1.5
sending message x: -493.309 y: 840.336 theta: 1.5
sending message x: -292.712 y: 840.336 theta: 1.5
sending message x: -122.241 y: 840.336 theta: 1.5
sending message x: 28.7044 y: 840.336 theta: 1.5
sending message x: 162.921 y: 840.336 theta: 1.5
sending message x: 240.332 y: 840.336 theta: 1.5
sending message x: 273.752 y: 840.336 theta: 1.5
sending message x: 282.614 y: 722.046 theta: 1.04163
sending message x: 265.701 y: 574.694 theta: 0.692687
sending message x: 237.773 y: 439.608 theta: 0
sending message x: 204.35 y: 309.327 theta: 0
sending message x: 132.683 y: 210.826 theta: 0
sending message x: 0 y: 0 theta: 0
[0m[ INFO] [1429800223.240915480]: action move body has finished[0m
[0m[ INFO] [1429800223.242150896]: action oscillate body has finished[0m
Message Emotionalmove_body {"type":"movement_parameter","repetition" : "no","parameters": [[{"space":100,"velocity":840.3361206054688}
]],"reference" :600}
Message Emotionaloscillate_body {"type":"movement_parameter","repetition" : "no","parameters": [[{"space":0.6000000238418579,"velocity":0.5400054454803467}
]],"reference" :1.5}
The parameter is correct and it has: 1
sending message x: 14.5926 y: -840.336 theta: 1.5
sending message x: -34.4214 y: -840.336 theta: 1.5
sending message x: -199.656 y: -840.336 theta: 1.5
sending message x: -380.944 y: -840.336 theta: 1.5
sending message x: -532.577 y: -840.336 theta: 1.5
sending message x: -666.344 y: -840.336 theta: 1.5
sending message x: -783.37 y: -840.336 theta: 1.5
Message Emotionaloscillate_body emotion_synch
Synch oscillate body
Synch oscillate actions
Synch oscillate 0
Message Emotionalmove_body emotion_synch
sending message x: -840.336 y: -840.336 theta: 1.5
sending message x: -840.336 y: -840.336 theta: 1.5
sending message x: -840.336 y: -840.336 theta: 1.5
sending message x: -840.336 y: -840.336 theta: 1.5
sending message x: -840.336 y: -840.336 theta: -1.5
sending message x: -840.336 y: -840.336 theta: -1.5
sending message x: -631.044 y: -840.336 theta: -1.5
sending message x: -379.587 y: -840.336 theta: -1.5
sending message x: -151.972 y: -840.336 theta: -1.5
sending message x: -10.4157 y: -840.336 theta: -1.5
sending message x: 128.475 y: -840.336 theta: -1.5
sending message x: 198.294 y: -840.336 theta: -1.5
sending message x: 271.228 y: -840.336 theta: -1.5
sending message x: 296.877 y: -780.382 theta: -0.864556
sending message x: 299.591 y: -627.791 theta: 0
sending message x: 267.859 y: -504.878 theta: 0
sending message x: 223.059 y: -411.244 theta: 0
sending message x: 181.469 y: -325.268 theta: 0
sending message x: 118.026 y: -215.181 theta: 0
sending message x: 0 y: 0 theta: 0
[0m[ INFO] [1429800237.388924362]: action move body has finished[0m
[0m[ INFO] [1429800237.389861070]: action oscillate body has finished[0m
Message Emotionalmove_body {"type":"movement_parameter","repetition" : "no","parameters": [[{"space":100,"velocity":840.3361206054688}
]],"reference" :600}
Message Emotionaloscillate_body {"type":"movement_parameter","repetition" : "no","parameters": [[{"space":0.6000000238418579,"velocity":0.5400054454803467}
]],"reference" :1.5}
The parameter is correct and it has: 1
sending message x: 683.053 y: 840.336 theta: -1.5
sending message x: 649.438 y: 840.336 theta: -1.5
sending message x: 607.937 y: 840.336 theta: -1.5
sending message x: 296.434 y: 840.336 theta: -1.5
sending message x: -59.3984 y: 840.336 theta: -1.5
sending message x: -513.618 y: 840.336 theta: -1.5
Message Emotionaloscillate_body emotion_synch
Synch oscillate body
Synch oscillate actions
Synch oscillate 0
Message Emotionalmove_body emotion_synch
sending message x: -840.336 y: 840.336 theta: -1.5
sending message x: -840.336 y: 840.336 theta: -1.5
sending message x: -840.336 y: 840.336 theta: -1.5
sending message x: -840.336 y: 840.336 theta: -1.5
sending message x: -840.336 y: 840.336 theta: -1.5
sending message x: -840.336 y: 840.336 theta: -1.5
sending message x: -840.336 y: 840.336 theta: -1.5
sending message x: -840.336 y: 840.336 theta: -1.5
sending message x: -840.336 y: 840.336 theta: 1.5
sending message x: -840.336 y: 840.336 theta: 1.5
sending message x: -840.336 y: 840.336 theta: 1.5
sending message x: -840.336 y: 840.336 theta: 1.5
sending message x: -840.336 y: 840.336 theta: 1.5
sending message x: -840.336 y: 840.336 theta: 1.5
sending message x: -840.336 y: 840.336 theta: 1.5
sending message x: -673.657 y: 840.336 theta: 1.5
sending message x: -301.068 y: 840.336 theta: 1.5
sending message x: 46.3472 y: 840.336 theta: 1.5
sending message x: 337.514 y: 840.336 theta: 1.5
sending message x: 516.666 y: 840.336 theta: 1.5
sending message x: 757.01 y: 840.336 theta: 1.5
sending message x: 840.336 y: 840.336 theta: 1.5
sending message x: 840.336 y: 840.336 theta: 1.5
sending message x: 840.336 y: 840.336 theta: 1.5
sending message x: 840.336 y: 840.336 theta: 1.5
sending message x: 840.336 y: 840.336 theta: 1.5
sending message x: 840.336 y: 840.336 theta: 1.5
sending message x: 840.336 y: 840.336 theta: 1.5
sending message x: 840.336 y: 840.336 theta: 1.5
sending message x: 840.336 y: 840.336 theta: 1.5
sending message x: 840.336 y: 840.336 theta: -1.5
sending message x: 840.336 y: 840.336 theta: -1.5
sending message x: 790.533 y: 840.336 theta: -1.5
sending message x: 503.86 y: 840.336 theta: -1.5
sending message x: 324.949 y: 840.336 theta: -1.5
sending message x: 180.133 y: 840.336 theta: -1.5
sending message x: 78.0151 y: 840.336 theta: -1.5
sending message x: 0.461612 y: 714.506 theta: -1.5
sending message x: -51.8908 y: 567.079 theta: -1.5
sending message x: -101.708 y: 385.32 theta: -1.49214
sending message x: -111.452 y: 298.018 theta: -1.07288
sending message x: -104.152 y: 233.743 theta: 0
sending message x: 0 y: 0 theta: 0
[0m[ INFO] [1429800254.400075453]: action move body has finished[0m
[0m[ INFO] [1429800254.401023578]: action oscillate body has finished[0m
Message Emotionalmove_body {"type":"movement_parameter","repetition" : "no","parameters": [[{"space":100,"velocity":840.3361206054688}
]],"reference" :600}
Message Emotionaloscillate_body {"type":"movement_parameter","repetition" : "no","parameters": [[{"space":0.6000000238418579,"velocity":0.5400054454803467}
]],"reference" :1.5}
The parameter is correct and it has: 1
sending message x: -660.172 y: -840.336 theta: -1.5
sending message x: -492.063 y: -840.336 theta: -1.5
sending message x: 389.995 y: -840.336 theta: -1.5
sending message x: 840.336 y: -840.336 theta: -1.5
sending message x: 840.336 y: -840.336 theta: -1.5
sending message x: 840.336 y: -840.336 theta: -1.5
Message Emotionaloscillate_body emotion_synch
Synch oscillate body
Synch oscillate actions
Synch oscillate 0
Message Emotionalmove_body emotion_synch
sending message x: 840.336 y: -840.336 theta: -1.5
sending message x: 840.336 y: -840.336 theta: -1.5
sending message x: 840.336 y: -840.336 theta: -1.5
sending message x: 840.336 y: -840.336 theta: -1.5
sending message x: 840.336 y: -840.336 theta: -1.5
sending message x: 840.336 y: -840.336 theta: 1.5
sending message x: 840.336 y: -840.336 theta: 1.5
sending message x: 840.336 y: -840.336 theta: 1.5
sending message x: 840.336 y: -840.336 theta: 1.5
sending message x: 840.336 y: -840.336 theta: 1.5
sending message x: 840.336 y: -840.336 theta: 1.5
sending message x: 704.056 y: -840.336 theta: 1.5
sending message x: 256.846 y: -840.336 theta: 1.5
sending message x: -169.05 y: -840.336 theta: 1.5
sending message x: -512.357 y: -840.336 theta: 1.5
sending message x: -840.336 y: -840.336 theta: 1.5
sending message x: -840.336 y: -840.336 theta: 1.5
sending message x: -840.336 y: -840.336 theta: 1.5
sending message x: -840.336 y: -840.336 theta: 1.5
sending message x: -840.336 y: -840.336 theta: 1.5
sending message x: -840.336 y: -840.336 theta: 1.5
sending message x: -840.336 y: -840.336 theta: 1.5
sending message x: -840.336 y: -840.336 theta: 1.5
sending message x: -840.336 y: -840.336 theta: 1.5
sending message x: -840.336 y: -840.336 theta: 1.5
sending message x: -840.336 y: -840.336 theta: -1.5
sending message x: -840.336 y: -840.336 theta: -1.5
sending message x: -840.336 y: -840.336 theta: -1.5
sending message x: -840.336 y: -840.336 theta: -1.5
sending message x: -840.336 y: -840.336 theta: -1.5
sending message x: -729.427 y: -840.336 theta: -1.5
sending message x: -488.602 y: -840.336 theta: -1.5
sending message x: -266.923 y: -840.336 theta: -1.5
sending message x: -83.8165 y: -840.336 theta: -1.5
sending message x: 143.285 y: -840.336 theta: -1.5
sending message x: 189.483 y: -840.336 theta: -1.5
sending message x: 241.988 y: -756.007 theta: 0
sending message x: 234.932 y: -610.077 theta: 0.700499
sending message x: 186.668 y: -507.356 theta: 0
sending message x: 143.766 y: -408.979 theta: 0
sending message x: 98.9283 y: -295.235 theta: 0
sending message x: 75.6223 y: -238.947 theta: 0
sending message x: 0 y: 0 theta: 0
[0m[ INFO] [1429800267.790617584]: action move body has finished[0m
[0m[ INFO] [1429800267.791890959]: action oscillate body has finished[0m
